# JRE version: Java(TM) SE Runtime Environment (8.0_144-b01) (build 1.8.0_144-b01)
# Java VM: Java HotSpot(TM) 64-Bit Server VM (25.144-b01 mixed mode linux-amd64 compressed oops)
Heap:
 PSYoungGen      total 463872K, used 21490K [0x00000000d6600000, 0x00000000f8a00000, 0x0000000100000000)
  eden space 442368K, 0% used [0x00000000d6600000,0x00000000d6600000,0x00000000f1600000)
  from space 21504K, 99% used [0x00000000f6000000,0x00000000f74fca30,0x00000000f7500000)
  to   space 18432K, 0% used [0x00000000f7800000,0x00000000f7800000,0x00000000f8a00000)
 ParOldGen       total 77312K, used 57020K [0x0000000083200000, 0x0000000087d80000, 0x00000000d6600000)
  object space 77312K, 73% used [0x0000000083200000,0x00000000869af090,0x0000000087d80000)
 Metaspace       used 30360K, capacity 31662K, committed 31872K, reserved 1077248K
  class space    used 3424K, capacity 3665K, committed 3712K, reserved 1048576K
GC Heap History (10 events):
Event: 4.286 GC heap after
Heap after GC invocations=5 (full 0):
 PSYoungGen      total 136192K, used 5104K [0x00000000d6600000, 0x00000000e8300000, 0x0000000100000000)
  eden space 131072K, 0% used [0x00000000d6600000,0x00000000d6600000,0x00000000de600000)
  from space 5120K, 99% used [0x00000000de600000,0x00000000deafc050,0x00000000deb00000)
  to   space 14848K, 0% used [0x00000000e7480000,0x00000000e7480000,0x00000000e8300000)
 ParOldGen       total 86016K, used 18737K [0x0000000083200000, 0x0000000088600000, 0x00000000d6600000)
  object space 86016K, 21% used [0x0000000083200000,0x000000008444c670,0x0000000088600000)
 Metaspace       used 15069K, capacity 15416K, committed 15744K, reserved 1062912K
  class space    used 1754K, capacity 1822K, committed 1920K, reserved 1048576K
}
Event: 6.254 GC heap before
{Heap before GC invocations=6 (full 0):
 PSYoungGen      total 136192K, used 136176K [0x00000000d6600000, 0x00000000e8300000, 0x0000000100000000)
  eden space 131072K, 100% used [0x00000000d6600000,0x00000000de600000,0x00000000de600000)
  from space 5120K, 99% used [0x00000000de600000,0x00000000deafc050,0x00000000deb00000)
  to   space 14848K, 0% used [0x00000000e7480000,0x00000000e7480000,0x00000000e8300000)
 ParOldGen       total 86016K, used 18737K [0x0000000083200000, 0x0000000088600000, 0x00000000d6600000)
  object space 86016K, 21% used [0x0000000083200000,0x000000008444c670,0x0000000088600000)
 Metaspace       used 19834K, capacity 20408K, committed 20736K, reserved 1067008K
  class space    used 2328K, capacity 2433K, committed 2560K, reserved 1048576K
Event: 6.300 GC heap after
Heap after GC invocations=6 (full 0):
 PSYoungGen      total 276480K, used 11619K [0x00000000d6600000, 0x00000000e8400000, 0x0000000100000000)
  eden space 261632K, 0% used [0x00000000d6600000,0x00000000d6600000,0x00000000e6580000)
  from space 14848K, 78% used [0x00000000e7480000,0x00000000e7fd8e00,0x00000000e8300000)
  to   space 15360K, 0% used [0x00000000e6580000,0x00000000e6580000,0x00000000e7480000)
 ParOldGen       total 86016K, used 18745K [0x0000000083200000, 0x0000000088600000, 0x00000000d6600000)
  object space 86016K, 21% used [0x0000000083200000,0x000000008444e670,0x0000000088600000)
 Metaspace       used 19834K, capacity 20408K, committed 20736K, reserved 1067008K
  class space    used 2328K, capacity 2433K, committed 2560K, reserved 1048576K
}
Event: 6.867 GC heap before
{Heap before GC invocations=7 (full 0):
 PSYoungGen      total 276480K, used 38024K [0x00000000d6600000, 0x00000000e8400000, 0x0000000100000000)
  eden space 261632K, 10% used [0x00000000d6600000,0x00000000d7fc94c8,0x00000000e6580000)
  from space 14848K, 78% used [0x00000000e7480000,0x00000000e7fd8e00,0x00000000e8300000)
  to   space 15360K, 0% used [0x00000000e6580000,0x00000000e6580000,0x00000000e7480000)
 ParOldGen       total 86016K, used 18745K [0x0000000083200000, 0x0000000088600000, 0x00000000d6600000)
  object space 86016K, 21% used [0x0000000083200000,0x000000008444e670,0x0000000088600000)
 Metaspace       used 20603K, capacity 21176K, committed 21248K, reserved 1069056K
  class space    used 2382K, capacity 2497K, committed 2560K, reserved 1048576K
Event: 6.924 GC heap after
Heap after GC invocations=7 (full 0):
 PSYoungGen      total 276992K, used 15332K [0x00000000d6600000, 0x00000000f8b00000, 0x0000000100000000)
  eden space 261632K, 0% used [0x00000000d6600000,0x00000000d6600000,0x00000000e6580000)
  from space 15360K, 99% used [0x00000000e6580000,0x00000000e7479020,0x00000000e7480000)
  to   space 19456K, 0% used [0x00000000f7800000,0x00000000f7800000,0x00000000f8b00000)
 ParOldGen       total 86016K, used 22381K [0x0000000083200000, 0x0000000088600000, 0x00000000d6600000)
  object space 86016K, 26% used [0x0000000083200000,0x00000000847db428,0x0000000088600000)
 Metaspace       used 20603K, capacity 21176K, committed 21248K, reserved 1069056K
  class space    used 2382K, capacity 2497K, committed 2560K, reserved 1048576K
}
Event: 6.924 GC heap before
{Heap before GC invocations=8 (full 1):
 PSYoungGen      total 276992K, used 15332K [0x00000000d6600000, 0x00000000f8b00000, 0x0000000100000000)
  eden space 261632K, 0% used [0x00000000d6600000,0x00000000d6600000,0x00000000e6580000)
  from space 15360K, 99% used [0x00000000e6580000,0x00000000e7479020,0x00000000e7480000)
  to   space 19456K, 0% used [0x00000000f7800000,0x00000000f7800000,0x00000000f8b00000)
 ParOldGen       total 86016K, used 22381K [0x0000000083200000, 0x0000000088600000, 0x00000000d6600000)
  object space 86016K, 26% used [0x0000000083200000,0x00000000847db428,0x0000000088600000)
 Metaspace       used 20603K, capacity 21176K, committed 21248K, reserved 1069056K
  class space    used 2382K, capacity 2497K, committed 2560K, reserved 1048576K
Event: 7.074 GC heap after
Heap after GC invocations=8 (full 1):
 PSYoungGen      total 276992K, used 0K [0x00000000d6600000, 0x00000000f8b00000, 0x0000000100000000)
  eden space 261632K, 0% used [0x00000000d6600000,0x00000000d6600000,0x00000000e6580000)
  from space 15360K, 0% used [0x00000000e6580000,0x00000000e6580000,0x00000000e7480000)
  to   space 19456K, 0% used [0x00000000f7800000,0x00000000f7800000,0x00000000f8b00000)
 ParOldGen       total 77312K, used 26983K [0x0000000083200000, 0x0000000087d80000, 0x00000000d6600000)
  object space 77312K, 34% used [0x0000000083200000,0x0000000084c59d60,0x0000000087d80000)
 Metaspace       used 20603K, capacity 21176K, committed 21248K, reserved 1069056K
  class space    used 2382K, capacity 2497K, committed 2560K, reserved 1048576K
}
Event: 11.135 GC heap before
{Heap before GC invocations=9 (full 1):
 PSYoungGen      total 276992K, used 261632K [0x00000000d6600000, 0x00000000f8b00000, 0x0000000100000000)
  eden space 261632K, 100% used [0x00000000d6600000,0x00000000e6580000,0x00000000e6580000)
  from space 15360K, 0% used [0x00000000e6580000,0x00000000e6580000,0x00000000e7480000)
  to   space 19456K, 0% used [0x00000000f7800000,0x00000000f7800000,0x00000000f8b00000)
 ParOldGen       total 77312K, used 26983K [0x0000000083200000, 0x0000000087d80000, 0x00000000d6600000)
  object space 77312K, 34% used [0x0000000083200000,0x0000000084c59d60,0x0000000087d80000)
 Metaspace       used 25797K, capacity 26752K, committed 26880K, reserved 1073152K
  class space    used 2902K, capacity 3041K, committed 3072K, reserved 1048576K
Event: 11.182 GC heap after
Heap after GC invocations=9 (full 1):
 PSYoungGen      total 460800K, used 17985K [0x00000000d6600000, 0x00000000f8a00000, 0x0000000100000000)
  eden space 442368K, 0% used [0x00000000d6600000,0x00000000d6600000,0x00000000f1600000)
  from space 18432K, 97% used [0x00000000f7800000,0x00000000f8990418,0x00000000f8a00000)
  to   space 21504K, 0% used [0x00000000f6000000,0x00000000f6000000,0x00000000f7500000)
 ParOldGen       total 77312K, used 26991K [0x0000000083200000, 0x0000000087d80000, 0x00000000d6600000)
  object space 77312K, 34% used [0x0000000083200000,0x0000000084c5bd60,0x0000000087d80000)
 Metaspace       used 25797K, capacity 26752K, committed 26880K, reserved 1073152K
  class space    used 2902K, capacity 3041K, committed 3072K, reserved 1048576K
}
Event: 17.450 GC heap before
{Heap before GC invocations=10 (full 1):
 PSYoungGen      total 460800K, used 460353K [0x00000000d6600000, 0x00000000f8a00000, 0x0000000100000000)
  eden space 442368K, 100% used [0x00000000d6600000,0x00000000f1600000,0x00000000f1600000)
  from space 18432K, 97% used [0x00000000f7800000,0x00000000f8990418,0x00000000f8a00000)
  to   space 21504K, 0% used [0x00000000f6000000,0x00000000f6000000,0x00000000f7500000)
 ParOldGen       total 77312K, used 26991K [0x0000000083200000, 0x0000000087d80000, 0x00000000d6600000)
  object space 77312K, 34% used [0x0000000083200000,0x0000000084c5bd60,0x0000000087d80000)
 Metaspace       used 30360K, capacity 31662K, committed 31872K, reserved 1077248K
  class space    used 3424K, capacity 3665K, committed 3712K, reserved 1048576K

