# JRE version: Java(TM) SE Runtime Environment (8.0_144-b01) (build 1.8.0_144-b01)
# Java VM: Java HotSpot(TM) 64-Bit Server VM (25.144-b01 mixed mode linux-amd64 compressed oops)
Heap:
 PSYoungGen      total 474624K, used 22504K [0x00000000d6600000, 0x00000000f8200000, 0x0000000100000000)
  eden space 452096K, 0% used [0x00000000d6600000,0x00000000d6600000,0x00000000f1f80000)
  from space 22528K, 99% used [0x00000000f5600000,0x00000000f6bfa028,0x00000000f6c00000)
  to   space 16896K, 0% used [0x00000000f7180000,0x00000000f7180000,0x00000000f8200000)
 ParOldGen       total 76800K, used 55424K [0x0000000083200000, 0x0000000087d00000, 0x00000000d6600000)
  object space 76800K, 72% used [0x0000000083200000,0x0000000086820348,0x0000000087d00000)
 Metaspace       used 30232K, capacity 31466K, committed 31616K, reserved 1077248K
  class space    used 3411K, capacity 3665K, committed 3712K, reserved 1048576K
GC Heap History (10 events):
Event: 3.450 GC heap after
Heap after GC invocations=5 (full 0):
 PSYoungGen      total 136192K, used 5104K [0x00000000d6600000, 0x00000000e8400000, 0x0000000100000000)
  eden space 131072K, 0% used [0x00000000d6600000,0x00000000d6600000,0x00000000de600000)
  from space 5120K, 99% used [0x00000000de600000,0x00000000deafc050,0x00000000deb00000)
  to   space 15360K, 0% used [0x00000000e7500000,0x00000000e7500000,0x00000000e8400000)
 ParOldGen       total 86016K, used 20223K [0x0000000083200000, 0x0000000088600000, 0x00000000d6600000)
  object space 86016K, 23% used [0x0000000083200000,0x00000000845bfeb8,0x0000000088600000)
 Metaspace       used 15147K, capacity 15412K, committed 15744K, reserved 1062912K
  class space    used 1754K, capacity 1822K, committed 1920K, reserved 1048576K
}
Event: 5.169 GC heap before
{Heap before GC invocations=6 (full 0):
 PSYoungGen      total 136192K, used 136176K [0x00000000d6600000, 0x00000000e8400000, 0x0000000100000000)
  eden space 131072K, 100% used [0x00000000d6600000,0x00000000de600000,0x00000000de600000)
  from space 5120K, 99% used [0x00000000de600000,0x00000000deafc050,0x00000000deb00000)
  to   space 15360K, 0% used [0x00000000e7500000,0x00000000e7500000,0x00000000e8400000)
 ParOldGen       total 86016K, used 20223K [0x0000000083200000, 0x0000000088600000, 0x00000000d6600000)
  object space 86016K, 23% used [0x0000000083200000,0x00000000845bfeb8,0x0000000088600000)
 Metaspace       used 20571K, capacity 21108K, committed 21248K, reserved 1069056K
  class space    used 2381K, capacity 2497K, committed 2560K, reserved 1048576K
Event: 5.210 GC heap after
Heap after GC invocations=6 (full 0):
 PSYoungGen      total 272896K, used 15348K [0x00000000d6600000, 0x00000000e8d00000, 0x0000000100000000)
  eden space 257536K, 0% used [0x00000000d6600000,0x00000000d6600000,0x00000000e6180000)
  from space 15360K, 99% used [0x00000000e7500000,0x00000000e83fd050,0x00000000e8400000)
  to   space 19968K, 0% used [0x00000000e6180000,0x00000000e6180000,0x00000000e7500000)
 ParOldGen       total 86016K, used 23842K [0x0000000083200000, 0x0000000088600000, 0x00000000d6600000)
  object space 86016K, 27% used [0x0000000083200000,0x0000000084948bb0,0x0000000088600000)
 Metaspace       used 20571K, capacity 21108K, committed 21248K, reserved 1069056K
  class space    used 2381K, capacity 2497K, committed 2560K, reserved 1048576K
}
Event: 5.334 GC heap before
{Heap before GC invocations=7 (full 0):
 PSYoungGen      total 272896K, used 25980K [0x00000000d6600000, 0x00000000e8d00000, 0x0000000100000000)
  eden space 257536K, 4% used [0x00000000d6600000,0x00000000d7062378,0x00000000e6180000)
  from space 15360K, 99% used [0x00000000e7500000,0x00000000e83fd050,0x00000000e8400000)
  to   space 19968K, 0% used [0x00000000e6180000,0x00000000e6180000,0x00000000e7500000)
 ParOldGen       total 86016K, used 23842K [0x0000000083200000, 0x0000000088600000, 0x00000000d6600000)
  object space 86016K, 27% used [0x0000000083200000,0x0000000084948bb0,0x0000000088600000)
 Metaspace       used 20707K, capacity 21172K, committed 21248K, reserved 1069056K
  class space    used 2390K, capacity 2497K, committed 2560K, reserved 1048576K
Event: 5.388 GC heap after
Heap after GC invocations=7 (full 0):
 PSYoungGen      total 277504K, used 15380K [0x00000000d6600000, 0x00000000f8600000, 0x0000000100000000)
  eden space 257536K, 0% used [0x00000000d6600000,0x00000000d6600000,0x00000000e6180000)
  from space 19968K, 77% used [0x00000000e6180000,0x00000000e70852a0,0x00000000e7500000)
  to   space 20992K, 0% used [0x00000000f7180000,0x00000000f7180000,0x00000000f8600000)
 ParOldGen       total 86016K, used 25533K [0x0000000083200000, 0x0000000088600000, 0x00000000d6600000)
  object space 86016K, 29% used [0x0000000083200000,0x0000000084aef410,0x0000000088600000)
 Metaspace       used 20707K, capacity 21172K, committed 21248K, reserved 1069056K
  class space    used 2390K, capacity 2497K, committed 2560K, reserved 1048576K
}
Event: 5.388 GC heap before
{Heap before GC invocations=8 (full 1):
 PSYoungGen      total 277504K, used 15380K [0x00000000d6600000, 0x00000000f8600000, 0x0000000100000000)
  eden space 257536K, 0% used [0x00000000d6600000,0x00000000d6600000,0x00000000e6180000)
  from space 19968K, 77% used [0x00000000e6180000,0x00000000e70852a0,0x00000000e7500000)
  to   space 20992K, 0% used [0x00000000f7180000,0x00000000f7180000,0x00000000f8600000)
 ParOldGen       total 86016K, used 25533K [0x0000000083200000, 0x0000000088600000, 0x00000000d6600000)
  object space 86016K, 29% used [0x0000000083200000,0x0000000084aef410,0x0000000088600000)
 Metaspace       used 20707K, capacity 21172K, committed 21248K, reserved 1069056K
  class space    used 2390K, capacity 2497K, committed 2560K, reserved 1048576K
Event: 5.537 GC heap after
Heap after GC invocations=8 (full 1):
 PSYoungGen      total 277504K, used 0K [0x00000000d6600000, 0x00000000f8600000, 0x0000000100000000)
  eden space 257536K, 0% used [0x00000000d6600000,0x00000000d6600000,0x00000000e6180000)
  from space 19968K, 0% used [0x00000000e6180000,0x00000000e6180000,0x00000000e7500000)
  to   space 20992K, 0% used [0x00000000f7180000,0x00000000f7180000,0x00000000f8600000)
 ParOldGen       total 76800K, used 27778K [0x0000000083200000, 0x0000000087d00000, 0x00000000d6600000)
  object space 76800K, 36% used [0x0000000083200000,0x0000000084d20928,0x0000000087d00000)
 Metaspace       used 20707K, capacity 21172K, committed 21248K, reserved 1069056K
  class space    used 2390K, capacity 2497K, committed 2560K, reserved 1048576K
}
Event: 8.634 GC heap before
{Heap before GC invocations=9 (full 1):
 PSYoungGen      total 277504K, used 257536K [0x00000000d6600000, 0x00000000f8600000, 0x0000000100000000)
  eden space 257536K, 100% used [0x00000000d6600000,0x00000000e6180000,0x00000000e6180000)
  from space 19968K, 0% used [0x00000000e6180000,0x00000000e6180000,0x00000000e7500000)
  to   space 20992K, 0% used [0x00000000f7180000,0x00000000f7180000,0x00000000f8600000)
 ParOldGen       total 76800K, used 27778K [0x0000000083200000, 0x0000000087d00000, 0x00000000d6600000)
  object space 76800K, 36% used [0x0000000083200000,0x0000000084d20928,0x0000000087d00000)
 Metaspace       used 25789K, capacity 26684K, committed 26880K, reserved 1073152K
  class space    used 2902K, capacity 3041K, committed 3072K, reserved 1048576K
Event: 8.690 GC heap after
Heap after GC invocations=9 (full 1):
 PSYoungGen      total 468992K, used 16643K [0x00000000d6600000, 0x00000000f8200000, 0x0000000100000000)
  eden space 452096K, 0% used [0x00000000d6600000,0x00000000d6600000,0x00000000f1f80000)
  from space 16896K, 98% used [0x00000000f7180000,0x00000000f81c0f10,0x00000000f8200000)
  to   space 22528K, 0% used [0x00000000f5600000,0x00000000f5600000,0x00000000f6c00000)
 ParOldGen       total 76800K, used 27786K [0x0000000083200000, 0x0000000087d00000, 0x00000000d6600000)
  object space 76800K, 36% used [0x0000000083200000,0x0000000084d22928,0x0000000087d00000)
 Metaspace       used 25789K, capacity 26684K, committed 26880K, reserved 1073152K
  class space    used 2902K, capacity 3041K, committed 3072K, reserved 1048576K
}
Event: 13.863 GC heap before
{Heap before GC invocations=10 (full 1):
 PSYoungGen      total 468992K, used 468739K [0x00000000d6600000, 0x00000000f8200000, 0x0000000100000000)
  eden space 452096K, 100% used [0x00000000d6600000,0x00000000f1f80000,0x00000000f1f80000)
  from space 16896K, 98% used [0x00000000f7180000,0x00000000f81c0f10,0x00000000f8200000)
  to   space 22528K, 0% used [0x00000000f5600000,0x00000000f5600000,0x00000000f6c00000)
 ParOldGen       total 76800K, used 27786K [0x0000000083200000, 0x0000000087d00000, 0x00000000d6600000)
  object space 76800K, 36% used [0x0000000083200000,0x0000000084d22928,0x0000000087d00000)
 Metaspace       used 30232K, capacity 31466K, committed 31616K, reserved 1077248K
  class space    used 3411K, capacity 3665K, committed 3712K, reserved 1048576K

