# JRE version: Java(TM) SE Runtime Environment (8.0_144-b01) (build 1.8.0_144-b01)
# Java VM: Java HotSpot(TM) 64-Bit Server VM (25.144-b01 mixed mode linux-amd64 compressed oops)
Heap:
 PSYoungGen      total 454656K, used 23016K [0x00000000d6600000, 0x00000000f8480000, 0x0000000100000000)
  eden space 431616K, 0% used [0x00000000d6600000,0x00000000d6600000,0x00000000f0b80000)
  from space 23040K, 99% used [0x00000000f5780000,0x00000000f6dfa240,0x00000000f6e00000)
  to   space 17408K, 0% used [0x00000000f7380000,0x00000000f7380000,0x00000000f8480000)
 ParOldGen       total 78848K, used 40152K [0x0000000083200000, 0x0000000087f00000, 0x00000000d6600000)
  object space 78848K, 50% used [0x0000000083200000,0x00000000859360b8,0x0000000087f00000)
 Metaspace       used 30799K, capacity 32078K, committed 32128K, reserved 1077248K
  class space    used 3470K, capacity 3697K, committed 3712K, reserved 1048576K
GC Heap History (10 events):
Event: 3.510 GC heap after
Heap after GC invocations=5 (full 0):
 PSYoungGen      total 136192K, used 5120K [0x00000000d6600000, 0x00000000e8500000, 0x0000000100000000)
  eden space 131072K, 0% used [0x00000000d6600000,0x00000000d6600000,0x00000000de600000)
  from space 5120K, 100% used [0x00000000de600000,0x00000000deb00000,0x00000000deb00000)
  to   space 15872K, 0% used [0x00000000e7580000,0x00000000e7580000,0x00000000e8500000)
 ParOldGen       total 86016K, used 21008K [0x0000000083200000, 0x0000000088600000, 0x00000000d6600000)
  object space 86016K, 24% used [0x0000000083200000,0x0000000084684288,0x0000000088600000)
 Metaspace       used 15031K, capacity 15352K, committed 15488K, reserved 1062912K
  class space    used 1755K, capacity 1822K, committed 1920K, reserved 1048576K
}
Event: 4.964 GC heap before
{Heap before GC invocations=6 (full 0):
 PSYoungGen      total 136192K, used 136192K [0x00000000d6600000, 0x00000000e8500000, 0x0000000100000000)
  eden space 131072K, 100% used [0x00000000d6600000,0x00000000de600000,0x00000000de600000)
  from space 5120K, 100% used [0x00000000de600000,0x00000000deb00000,0x00000000deb00000)
  to   space 15872K, 0% used [0x00000000e7580000,0x00000000e7580000,0x00000000e8500000)
 ParOldGen       total 86016K, used 21008K [0x0000000083200000, 0x0000000088600000, 0x00000000d6600000)
  object space 86016K, 24% used [0x0000000083200000,0x0000000084684288,0x0000000088600000)
 Metaspace       used 20513K, capacity 21048K, committed 21248K, reserved 1069056K
  class space    used 2382K, capacity 2497K, committed 2560K, reserved 1048576K
Event: 5.011 GC heap after
Heap after GC invocations=6 (full 0):
 PSYoungGen      total 273920K, used 15864K [0x00000000d6600000, 0x00000000e8d00000, 0x0000000100000000)
  eden space 258048K, 0% used [0x00000000d6600000,0x00000000d6600000,0x00000000e6200000)
  from space 15872K, 99% used [0x00000000e7580000,0x00000000e84fe000,0x00000000e8500000)
  to   space 19968K, 0% used [0x00000000e6200000,0x00000000e6200000,0x00000000e7580000)
 ParOldGen       total 86016K, used 24032K [0x0000000083200000, 0x0000000088600000, 0x00000000d6600000)
  object space 86016K, 27% used [0x0000000083200000,0x0000000084978028,0x0000000088600000)
 Metaspace       used 20513K, capacity 21048K, committed 21248K, reserved 1069056K
  class space    used 2382K, capacity 2497K, committed 2560K, reserved 1048576K
}
Event: 5.148 GC heap before
{Heap before GC invocations=7 (full 0):
 PSYoungGen      total 273920K, used 26436K [0x00000000d6600000, 0x00000000e8d00000, 0x0000000100000000)
  eden space 258048K, 4% used [0x00000000d6600000,0x00000000d7053320,0x00000000e6200000)
  from space 15872K, 99% used [0x00000000e7580000,0x00000000e84fe000,0x00000000e8500000)
  to   space 19968K, 0% used [0x00000000e6200000,0x00000000e6200000,0x00000000e7580000)
 ParOldGen       total 86016K, used 24032K [0x0000000083200000, 0x0000000088600000, 0x00000000d6600000)
  object space 86016K, 27% used [0x0000000083200000,0x0000000084978028,0x0000000088600000)
 Metaspace       used 20669K, capacity 21176K, committed 21248K, reserved 1069056K
  class space    used 2393K, capacity 2497K, committed 2560K, reserved 1048576K
Event: 5.212 GC heap after
Heap after GC invocations=7 (full 0):
 PSYoungGen      total 278016K, used 16626K [0x00000000d6600000, 0x00000000f8900000, 0x0000000100000000)
  eden space 258048K, 0% used [0x00000000d6600000,0x00000000d6600000,0x00000000e6200000)
  from space 19968K, 83% used [0x00000000e6200000,0x00000000e723ca38,0x00000000e7580000)
  to   space 22016K, 0% used [0x00000000f7380000,0x00000000f7380000,0x00000000f8900000)
 ParOldGen       total 86016K, used 24868K [0x0000000083200000, 0x0000000088600000, 0x00000000d6600000)
  object space 86016K, 28% used [0x0000000083200000,0x0000000084a49058,0x0000000088600000)
 Metaspace       used 20669K, capacity 21176K, committed 21248K, reserved 1069056K
  class space    used 2393K, capacity 2497K, committed 2560K, reserved 1048576K
}
Event: 5.212 GC heap before
{Heap before GC invocations=8 (full 1):
 PSYoungGen      total 278016K, used 16626K [0x00000000d6600000, 0x00000000f8900000, 0x0000000100000000)
  eden space 258048K, 0% used [0x00000000d6600000,0x00000000d6600000,0x00000000e6200000)
  from space 19968K, 83% used [0x00000000e6200000,0x00000000e723ca38,0x00000000e7580000)
  to   space 22016K, 0% used [0x00000000f7380000,0x00000000f7380000,0x00000000f8900000)
 ParOldGen       total 86016K, used 24868K [0x0000000083200000, 0x0000000088600000, 0x00000000d6600000)
  object space 86016K, 28% used [0x0000000083200000,0x0000000084a49058,0x0000000088600000)
 Metaspace       used 20669K, capacity 21176K, committed 21248K, reserved 1069056K
  class space    used 2393K, capacity 2497K, committed 2560K, reserved 1048576K
Event: 5.424 GC heap after
Heap after GC invocations=8 (full 1):
 PSYoungGen      total 278016K, used 0K [0x00000000d6600000, 0x00000000f8900000, 0x0000000100000000)
  eden space 258048K, 0% used [0x00000000d6600000,0x00000000d6600000,0x00000000e6200000)
  from space 19968K, 0% used [0x00000000e6200000,0x00000000e6200000,0x00000000e7580000)
  to   space 22016K, 0% used [0x00000000f7380000,0x00000000f7380000,0x00000000f8900000)
 ParOldGen       total 78848K, used 27157K [0x0000000083200000, 0x0000000087f00000, 0x00000000d6600000)
  object space 78848K, 34% used [0x0000000083200000,0x0000000084c85558,0x0000000087f00000)
 Metaspace       used 20669K, capacity 21176K, committed 21248K, reserved 1069056K
  class space    used 2393K, capacity 2497K, committed 2560K, reserved 1048576K
}
Event: 10.218 GC heap before
{Heap before GC invocations=9 (full 1):
 PSYoungGen      total 278016K, used 258048K [0x00000000d6600000, 0x00000000f8900000, 0x0000000100000000)
  eden space 258048K, 100% used [0x00000000d6600000,0x00000000e6200000,0x00000000e6200000)
  from space 19968K, 0% used [0x00000000e6200000,0x00000000e6200000,0x00000000e7580000)
  to   space 22016K, 0% used [0x00000000f7380000,0x00000000f7380000,0x00000000f8900000)
 ParOldGen       total 78848K, used 27157K [0x0000000083200000, 0x0000000087f00000, 0x00000000d6600000)
  object space 78848K, 34% used [0x0000000083200000,0x0000000084c85558,0x0000000087f00000)
 Metaspace       used 25859K, capacity 26752K, committed 26880K, reserved 1073152K
  class space    used 2904K, capacity 3041K, committed 3072K, reserved 1048576K
Event: 10.269 GC heap after
Heap after GC invocations=9 (full 1):
 PSYoungGen      total 449024K, used 17113K [0x00000000d6600000, 0x00000000f8480000, 0x0000000100000000)
  eden space 431616K, 0% used [0x00000000d6600000,0x00000000d6600000,0x00000000f0b80000)
  from space 17408K, 98% used [0x00000000f7380000,0x00000000f84365e8,0x00000000f8480000)
  to   space 23040K, 0% used [0x00000000f5780000,0x00000000f5780000,0x00000000f6e00000)
 ParOldGen       total 78848K, used 27165K [0x0000000083200000, 0x0000000087f00000, 0x00000000d6600000)
  object space 78848K, 34% used [0x0000000083200000,0x0000000084c87558,0x0000000087f00000)
 Metaspace       used 25859K, capacity 26752K, committed 26880K, reserved 1073152K
  class space    used 2904K, capacity 3041K, committed 3072K, reserved 1048576K
}
Event: 17.550 GC heap before
{Heap before GC invocations=10 (full 1):
 PSYoungGen      total 449024K, used 448729K [0x00000000d6600000, 0x00000000f8480000, 0x0000000100000000)
  eden space 431616K, 100% used [0x00000000d6600000,0x00000000f0b80000,0x00000000f0b80000)
  from space 17408K, 98% used [0x00000000f7380000,0x00000000f84365e8,0x00000000f8480000)
  to   space 23040K, 0% used [0x00000000f5780000,0x00000000f5780000,0x00000000f6e00000)
 ParOldGen       total 78848K, used 27165K [0x0000000083200000, 0x0000000087f00000, 0x00000000d6600000)
  object space 78848K, 34% used [0x0000000083200000,0x0000000084c87558,0x0000000087f00000)
 Metaspace       used 30799K, capacity 32078K, committed 32128K, reserved 1077248K
  class space    used 3470K, capacity 3697K, committed 3712K, reserved 1048576K

