# JRE version: Java(TM) SE Runtime Environment (8.0_144-b01) (build 1.8.0_144-b01)
# Java VM: Java HotSpot(TM) 64-Bit Server VM (25.144-b01 mixed mode linux-amd64 compressed oops)
Heap:
 PSYoungGen      total 380928K, used 17137K [0x00000000d6600000, 0x00000000f0180000, 0x0000000100000000)
  eden space 354816K, 0% used [0x00000000d6600000,0x00000000d6600000,0x00000000ec080000)
  from space 26112K, 65% used [0x00000000ec080000,0x00000000ed13c710,0x00000000eda00000)
  to   space 21504K, 0% used [0x00000000eda00000,0x00000000eda00000,0x00000000eef00000)
 ParOldGen       total 77312K, used 52685K [0x0000000083200000, 0x0000000087d80000, 0x00000000d6600000)
  object space 77312K, 68% used [0x0000000083200000,0x00000000865734b8,0x0000000087d80000)
 Metaspace       used 33290K, capacity 34856K, committed 35200K, reserved 1081344K
  class space    used 3766K, capacity 4109K, committed 4224K, reserved 1048576K
GC Heap History (10 events):
Event: 4.671 GC heap after
Heap after GC invocations=7 (full 0):
 PSYoungGen      total 141824K, used 11648K [0x00000000d6600000, 0x00000000e7e00000, 0x0000000100000000)
  eden space 130048K, 0% used [0x00000000d6600000,0x00000000d6600000,0x00000000de500000)
  from space 11776K, 98% used [0x00000000de500000,0x00000000df060020,0x00000000df080000)
  to   space 13312K, 0% used [0x00000000e7100000,0x00000000e7100000,0x00000000e7e00000)
 ParOldGen       total 86016K, used 13210K [0x0000000083200000, 0x0000000088600000, 0x00000000d6600000)
  object space 86016K, 15% used [0x0000000083200000,0x0000000083ee6b40,0x0000000088600000)
 Metaspace       used 15429K, capacity 15760K, committed 16000K, reserved 1062912K
  class space    used 1759K, capacity 1826K, committed 1920K, reserved 1048576K
}
Event: 6.134 GC heap before
{Heap before GC invocations=8 (full 0):
 PSYoungGen      total 141824K, used 100518K [0x00000000d6600000, 0x00000000e7e00000, 0x0000000100000000)
  eden space 130048K, 68% used [0x00000000d6600000,0x00000000dbcc9870,0x00000000de500000)
  from space 11776K, 98% used [0x00000000de500000,0x00000000df060020,0x00000000df080000)
  to   space 13312K, 0% used [0x00000000e7100000,0x00000000e7100000,0x00000000e7e00000)
 ParOldGen       total 86016K, used 13210K [0x0000000083200000, 0x0000000088600000, 0x00000000d6600000)
  object space 86016K, 15% used [0x0000000083200000,0x0000000083ee6b40,0x0000000088600000)
 Metaspace       used 20647K, capacity 21176K, committed 21248K, reserved 1069056K
  class space    used 2381K, capacity 2497K, committed 2560K, reserved 1048576K
Event: 6.189 GC heap after
Heap after GC invocations=8 (full 0):
 PSYoungGen      total 267264K, used 13297K [0x00000000d6600000, 0x00000000e8a00000, 0x0000000100000000)
  eden space 253952K, 0% used [0x00000000d6600000,0x00000000d6600000,0x00000000e5e00000)
  from space 13312K, 99% used [0x00000000e7100000,0x00000000e7dfc7f8,0x00000000e7e00000)
  to   space 19456K, 0% used [0x00000000e5e00000,0x00000000e5e00000,0x00000000e7100000)
 ParOldGen       total 86016K, used 23940K [0x0000000083200000, 0x0000000088600000, 0x00000000d6600000)
  object space 86016K, 27% used [0x0000000083200000,0x0000000084961178,0x0000000088600000)
 Metaspace       used 20647K, capacity 21176K, committed 21248K, reserved 1069056K
  class space    used 2381K, capacity 2497K, committed 2560K, reserved 1048576K
}
Event: 6.189 GC heap before
{Heap before GC invocations=9 (full 1):
 PSYoungGen      total 267264K, used 13297K [0x00000000d6600000, 0x00000000e8a00000, 0x0000000100000000)
  eden space 253952K, 0% used [0x00000000d6600000,0x00000000d6600000,0x00000000e5e00000)
  from space 13312K, 99% used [0x00000000e7100000,0x00000000e7dfc7f8,0x00000000e7e00000)
  to   space 19456K, 0% used [0x00000000e5e00000,0x00000000e5e00000,0x00000000e7100000)
 ParOldGen       total 86016K, used 23940K [0x0000000083200000, 0x0000000088600000, 0x00000000d6600000)
  object space 86016K, 27% used [0x0000000083200000,0x0000000084961178,0x0000000088600000)
 Metaspace       used 20647K, capacity 21176K, committed 21248K, reserved 1069056K
  class space    used 2381K, capacity 2497K, committed 2560K, reserved 1048576K
Event: 6.331 GC heap after
Heap after GC invocations=9 (full 1):
 PSYoungGen      total 267264K, used 0K [0x00000000d6600000, 0x00000000e8a00000, 0x0000000100000000)
  eden space 253952K, 0% used [0x00000000d6600000,0x00000000d6600000,0x00000000e5e00000)
  from space 13312K, 0% used [0x00000000e7100000,0x00000000e7100000,0x00000000e7e00000)
  to   space 19456K, 0% used [0x00000000e5e00000,0x00000000e5e00000,0x00000000e7100000)
 ParOldGen       total 77312K, used 27054K [0x0000000083200000, 0x0000000087d80000, 0x00000000d6600000)
  object space 77312K, 34% used [0x0000000083200000,0x0000000084c6bae8,0x0000000087d80000)
 Metaspace       used 20647K, capacity 21176K, committed 21248K, reserved 1069056K
  class space    used 2381K, capacity 2497K, committed 2560K, reserved 1048576K
}
Event: 10.639 GC heap before
{Heap before GC invocations=10 (full 1):
 PSYoungGen      total 267264K, used 253952K [0x00000000d6600000, 0x00000000e8a00000, 0x0000000100000000)
  eden space 253952K, 100% used [0x00000000d6600000,0x00000000e5e00000,0x00000000e5e00000)
  from space 13312K, 0% used [0x00000000e7100000,0x00000000e7100000,0x00000000e7e00000)
  to   space 19456K, 0% used [0x00000000e5e00000,0x00000000e5e00000,0x00000000e7100000)
 ParOldGen       total 77312K, used 27054K [0x0000000083200000, 0x0000000087d80000, 0x00000000d6600000)
  object space 77312K, 34% used [0x0000000083200000,0x0000000084c6bae8,0x0000000087d80000)
 Metaspace       used 25908K, capacity 26816K, committed 26880K, reserved 1073152K
  class space    used 2902K, capacity 3041K, committed 3072K, reserved 1048576K
Event: 10.696 GC heap after
Heap after GC invocations=10 (full 1):
 PSYoungGen      total 273408K, used 18081K [0x00000000d6600000, 0x00000000eef00000, 0x0000000100000000)
  eden space 253952K, 0% used [0x00000000d6600000,0x00000000d6600000,0x00000000e5e00000)
  from space 19456K, 92% used [0x00000000e5e00000,0x00000000e6fa8600,0x00000000e7100000)
  to   space 21504K, 0% used [0x00000000eda00000,0x00000000eda00000,0x00000000eef00000)
 ParOldGen       total 77312K, used 27062K [0x0000000083200000, 0x0000000087d80000, 0x00000000d6600000)
  object space 77312K, 35% used [0x0000000083200000,0x0000000084c6dae8,0x0000000087d80000)
 Metaspace       used 25908K, capacity 26816K, committed 26880K, reserved 1073152K
  class space    used 2902K, capacity 3041K, committed 3072K, reserved 1048576K
}
Event: 13.524 GC heap before
{Heap before GC invocations=11 (full 1):
 PSYoungGen      total 273408K, used 272033K [0x00000000d6600000, 0x00000000eef00000, 0x0000000100000000)
  eden space 253952K, 100% used [0x00000000d6600000,0x00000000e5e00000,0x00000000e5e00000)
  from space 19456K, 92% used [0x00000000e5e00000,0x00000000e6fa8600,0x00000000e7100000)
  to   space 21504K, 0% used [0x00000000eda00000,0x00000000eda00000,0x00000000eef00000)
 ParOldGen       total 77312K, used 27062K [0x0000000083200000, 0x0000000087d80000, 0x00000000d6600000)
  object space 77312K, 35% used [0x0000000083200000,0x0000000084c6dae8,0x0000000087d80000)
 Metaspace       used 28305K, capacity 29450K, committed 29568K, reserved 1075200K
  class space    used 3182K, capacity 3382K, committed 3456K, reserved 1048576K
Event: 13.922 GC heap after
Heap after GC invocations=11 (full 1):
 PSYoungGen      total 376320K, used 21474K [0x00000000d6600000, 0x00000000f0180000, 0x0000000100000000)
  eden space 354816K, 0% used [0x00000000d6600000,0x00000000d6600000,0x00000000ec080000)
  from space 21504K, 99% used [0x00000000eda00000,0x00000000eeef8a30,0x00000000eef00000)
  to   space 26112K, 0% used [0x00000000ec080000,0x00000000ec080000,0x00000000eda00000)
 ParOldGen       total 77312K, used 31837K [0x0000000083200000, 0x0000000087d80000, 0x00000000d6600000)
  object space 77312K, 41% used [0x0000000083200000,0x00000000851174d8,0x0000000087d80000)
 Metaspace       used 28305K, capacity 29450K, committed 29568K, reserved 1075200K
  class space    used 3182K, capacity 3382K, committed 3456K, reserved 1048576K
}
Event: 18.987 GC heap before
{Heap before GC invocations=12 (full 1):
 PSYoungGen      total 376320K, used 376290K [0x00000000d6600000, 0x00000000f0180000, 0x0000000100000000)
  eden space 354816K, 100% used [0x00000000d6600000,0x00000000ec080000,0x00000000ec080000)
  from space 21504K, 99% used [0x00000000eda00000,0x00000000eeef8a30,0x00000000eef00000)
  to   space 26112K, 0% used [0x00000000ec080000,0x00000000ec080000,0x00000000eda00000)
 ParOldGen       total 77312K, used 31837K [0x0000000083200000, 0x0000000087d80000, 0x00000000d6600000)
  object space 77312K, 41% used [0x0000000083200000,0x00000000851174d8,0x0000000087d80000)
 Metaspace       used 33290K, capacity 34856K, committed 35200K, reserved 1081344K
  class space    used 3766K, capacity 4109K, committed 4224K, reserved 1048576K

