# JRE version: Java(TM) SE Runtime Environment (8.0_144-b01) (build 1.8.0_144-b01)
# Java VM: Java HotSpot(TM) 64-Bit Server VM (25.144-b01 mixed mode linux-amd64 compressed oops)
Heap:
 PSYoungGen      total 273920K, used 5850K [0x00000000d6600000, 0x00000000e7d00000, 0x0000000100000000)
  eden space 262144K, 0% used [0x00000000d6600000,0x00000000d6600000,0x00000000e6600000)
  from space 11776K, 49% used [0x00000000e6600000,0x00000000e6bb6b00,0x00000000e7180000)
  to   space 11776K, 0% used [0x00000000e7180000,0x00000000e7180000,0x00000000e7d00000)
 ParOldGen       total 86016K, used 9261K [0x0000000083200000, 0x0000000088600000, 0x00000000d6600000)
  object space 86016K, 10% used [0x0000000083200000,0x0000000083b0b4c0,0x0000000088600000)
 Metaspace       used 20977K, capacity 21228K, committed 21296K, reserved 1069056K
  class space    used 2585K, capacity 2673K, committed 2688K, reserved 1048576K
GC Heap History (10 events):
Event: 1.113 GC heap after
Heap after GC invocations=2 (full 0):
 PSYoungGen      total 70656K, used 3643K [0x00000000d6600000, 0x00000000db000000, 0x0000000100000000)
  eden space 65536K, 0% used [0x00000000d6600000,0x00000000d6600000,0x00000000da600000)
  from space 5120K, 71% used [0x00000000dab00000,0x00000000dae8ece8,0x00000000db000000)
  to   space 5120K, 0% used [0x00000000da600000,0x00000000da600000,0x00000000dab00000)
 ParOldGen       total 86016K, used 16K [0x0000000083200000, 0x0000000088600000, 0x00000000d6600000)
  object space 86016K, 0% used [0x0000000083200000,0x0000000083204000,0x0000000088600000)
 Metaspace       used 8770K, capacity 8874K, committed 8960K, reserved 1056768K
  class space    used 969K, capacity 1019K, committed 1024K, reserved 1048576K
}
Event: 1.604 GC heap before
{Heap before GC invocations=3 (full 0):
 PSYoungGen      total 70656K, used 69179K [0x00000000d6600000, 0x00000000db000000, 0x0000000100000000)
  eden space 65536K, 100% used [0x00000000d6600000,0x00000000da600000,0x00000000da600000)
  from space 5120K, 71% used [0x00000000dab00000,0x00000000dae8ece8,0x00000000db000000)
  to   space 5120K, 0% used [0x00000000da600000,0x00000000da600000,0x00000000dab00000)
 ParOldGen       total 86016K, used 16K [0x0000000083200000, 0x0000000088600000, 0x00000000d6600000)
  object space 86016K, 0% used [0x0000000083200000,0x0000000083204000,0x0000000088600000)
 Metaspace       used 11906K, capacity 12106K, committed 12288K, reserved 1060864K
  class space    used 1432K, capacity 1499K, committed 1536K, reserved 1048576K
Event: 1.611 GC heap after
Heap after GC invocations=3 (full 0):
 PSYoungGen      total 70656K, used 4636K [0x00000000d6600000, 0x00000000df000000, 0x0000000100000000)
  eden space 65536K, 0% used [0x00000000d6600000,0x00000000d6600000,0x00000000da600000)
  from space 5120K, 90% used [0x00000000da600000,0x00000000daa871f0,0x00000000dab00000)
  to   space 5120K, 0% used [0x00000000deb00000,0x00000000deb00000,0x00000000df000000)
 ParOldGen       total 86016K, used 24K [0x0000000083200000, 0x0000000088600000, 0x00000000d6600000)
  object space 86016K, 0% used [0x0000000083200000,0x0000000083206000,0x0000000088600000)
 Metaspace       used 11906K, capacity 12106K, committed 12288K, reserved 1060864K
  class space    used 1432K, capacity 1499K, committed 1536K, reserved 1048576K
}
Event: 2.251 GC heap before
{Heap before GC invocations=4 (full 0):
 PSYoungGen      total 70656K, used 70172K [0x00000000d6600000, 0x00000000df000000, 0x0000000100000000)
  eden space 65536K, 100% used [0x00000000d6600000,0x00000000da600000,0x00000000da600000)
  from space 5120K, 90% used [0x00000000da600000,0x00000000daa871f0,0x00000000dab00000)
  to   space 5120K, 0% used [0x00000000deb00000,0x00000000deb00000,0x00000000df000000)
 ParOldGen       total 86016K, used 24K [0x0000000083200000, 0x0000000088600000, 0x00000000d6600000)
  object space 86016K, 0% used [0x0000000083200000,0x0000000083206000,0x0000000088600000)
 Metaspace       used 16520K, capacity 16702K, committed 17024K, reserved 1064960K
  class space    used 2052K, capacity 2121K, committed 2176K, reserved 1048576K
Event: 2.260 GC heap after
Heap after GC invocations=4 (full 0):
 PSYoungGen      total 136192K, used 5107K [0x00000000d6600000, 0x00000000df000000, 0x0000000100000000)
  eden space 131072K, 0% used [0x00000000d6600000,0x00000000d6600000,0x00000000de600000)
  from space 5120K, 99% used [0x00000000deb00000,0x00000000deffcd60,0x00000000df000000)
  to   space 5120K, 0% used [0x00000000de600000,0x00000000de600000,0x00000000deb00000)
 ParOldGen       total 86016K, used 3964K [0x0000000083200000, 0x0000000088600000, 0x00000000d6600000)
  object space 86016K, 4% used [0x0000000083200000,0x00000000835df368,0x0000000088600000)
 Metaspace       used 16520K, capacity 16702K, committed 17024K, reserved 1064960K
  class space    used 2052K, capacity 2121K, committed 2176K, reserved 1048576K
}
Event: 2.899 GC heap before
{Heap before GC invocations=5 (full 0):
 PSYoungGen      total 136192K, used 136179K [0x00000000d6600000, 0x00000000df000000, 0x0000000100000000)
  eden space 131072K, 100% used [0x00000000d6600000,0x00000000de600000,0x00000000de600000)
  from space 5120K, 99% used [0x00000000deb00000,0x00000000deffcd60,0x00000000df000000)
  to   space 5120K, 0% used [0x00000000de600000,0x00000000de600000,0x00000000deb00000)
 ParOldGen       total 86016K, used 3964K [0x0000000083200000, 0x0000000088600000, 0x00000000d6600000)
  object space 86016K, 4% used [0x0000000083200000,0x00000000835df368,0x0000000088600000)
 Metaspace       used 19068K, capacity 19222K, committed 19328K, reserved 1067008K
  class space    used 2343K, capacity 2392K, committed 2432K, reserved 1048576K
Event: 2.962 GC heap after
Heap after GC invocations=5 (full 0):
 PSYoungGen      total 136192K, used 5104K [0x00000000d6600000, 0x00000000e7d00000, 0x0000000100000000)
  eden space 131072K, 0% used [0x00000000d6600000,0x00000000d6600000,0x00000000de600000)
  from space 5120K, 99% used [0x00000000de600000,0x00000000deafc030,0x00000000deb00000)
  to   space 11776K, 0% used [0x00000000e7180000,0x00000000e7180000,0x00000000e7d00000)
 ParOldGen       total 86016K, used 8141K [0x0000000083200000, 0x0000000088600000, 0x00000000d6600000)
  object space 86016K, 9% used [0x0000000083200000,0x00000000839f36c8,0x0000000088600000)
 Metaspace       used 19068K, capacity 19222K, committed 19328K, reserved 1067008K
  class space    used 2343K, capacity 2392K, committed 2432K, reserved 1048576K
}
Event: 3.397 GC heap before
{Heap before GC invocations=6 (full 0):
 PSYoungGen      total 136192K, used 136176K [0x00000000d6600000, 0x00000000e7d00000, 0x0000000100000000)
  eden space 131072K, 100% used [0x00000000d6600000,0x00000000de600000,0x00000000de600000)
  from space 5120K, 99% used [0x00000000de600000,0x00000000deafc030,0x00000000deb00000)
  to   space 11776K, 0% used [0x00000000e7180000,0x00000000e7180000,0x00000000e7d00000)
 ParOldGen       total 86016K, used 8141K [0x0000000083200000, 0x0000000088600000, 0x00000000d6600000)
  object space 86016K, 9% used [0x0000000083200000,0x00000000839f36c8,0x0000000088600000)
 Metaspace       used 20747K, capacity 21082K, committed 21120K, reserved 1067008K
  class space    used 2553K, capacity 2670K, committed 2688K, reserved 1048576K
Event: 3.417 GC heap after
Heap after GC invocations=6 (full 0):
 PSYoungGen      total 273920K, used 7348K [0x00000000d6600000, 0x00000000e7d00000, 0x0000000100000000)
  eden space 262144K, 0% used [0x00000000d6600000,0x00000000d6600000,0x00000000e6600000)
  from space 11776K, 62% used [0x00000000e7180000,0x00000000e78ad068,0x00000000e7d00000)
  to   space 11776K, 0% used [0x00000000e6600000,0x00000000e6600000,0x00000000e7180000)
 ParOldGen       total 86016K, used 8149K [0x0000000083200000, 0x0000000088600000, 0x00000000d6600000)
  object space 86016K, 9% used [0x0000000083200000,0x00000000839f56c8,0x0000000088600000)
 Metaspace       used 20747K, capacity 21082K, committed 21120K, reserved 1067008K
  class space    used 2553K, capacity 2670K, committed 2688K, reserved 1048576K
}
Event: 3.582 GC heap before
{Heap before GC invocations=7 (full 0):
 PSYoungGen      total 273920K, used 60176K [0x00000000d6600000, 0x00000000e7d00000, 0x0000000100000000)
  eden space 262144K, 20% used [0x00000000d6600000,0x00000000d9996fb8,0x00000000e6600000)
  from space 11776K, 62% used [0x00000000e7180000,0x00000000e78ad068,0x00000000e7d00000)
  to   space 11776K, 0% used [0x00000000e6600000,0x00000000e6600000,0x00000000e7180000)
 ParOldGen       total 86016K, used 8149K [0x0000000083200000, 0x0000000088600000, 0x00000000d6600000)
  object space 86016K, 9% used [0x0000000083200000,0x00000000839f56c8,0x0000000088600000)
 Metaspace       used 20977K, capacity 21228K, committed 21296K, reserved 1069056K
  class space    used 2585K, capacity 2673K, committed 2688K, reserved 1048576K

