# JRE version: Java(TM) SE Runtime Environment (8.0_144-b01) (build 1.8.0_144-b01)
# Java VM: Java HotSpot(TM) 64-Bit Server VM (25.144-b01 mixed mode linux-amd64 compressed oops)
Heap:
 PSYoungGen      total 664576K, used 320246K [0x00000000d6600000, 0x0000000100000000, 0x0000000100000000)
  eden space 648192K, 46% used [0x00000000d6600000,0x00000000e8ebe6b8,0x00000000fdf00000)
  from space 16384K, 99% used [0x00000000fdf00000,0x00000000feeff3e8,0x00000000fef00000)
  to   space 17408K, 0% used [0x00000000fef00000,0x00000000fef00000,0x0000000100000000)
 ParOldGen       total 115200K, used 33304K [0x0000000083200000, 0x000000008a280000, 0x00000000d6600000)
  object space 115200K, 28% used [0x0000000083200000,0x00000000852862d8,0x000000008a280000)
 Metaspace       used 49572K, capacity 50236K, committed 50432K, reserved 1093632K
  class space    used 6176K, capacity 6360K, committed 6400K, reserved 1048576K
GC Heap History (10 events):
Event: 9.165 GC heap before
{Heap before GC invocations=13 (full 1):
 PSYoungGen      total 523776K, used 78336K [0x00000000d6600000, 0x00000000fe780000, 0x0000000100000000)
  eden space 509440K, 12% used [0x00000000d6600000,0x00000000da482da8,0x00000000f5780000)
  from space 14336K, 99% used [0x00000000f5780000,0x00000000f657d628,0x00000000f6580000)
  to   space 16384K, 0% used [0x00000000fd780000,0x00000000fd780000,0x00000000fe780000)
 ParOldGen       total 82944K, used 31013K [0x0000000083200000, 0x0000000088300000, 0x00000000d6600000)
  object space 82944K, 37% used [0x0000000083200000,0x00000000850494d0,0x0000000088300000)
 Metaspace       used 34824K, capacity 35190K, committed 35456K, reserved 1081344K
  class space    used 4297K, capacity 4419K, committed 4480K, reserved 1048576K
Event: 9.188 GC heap after
Heap after GC invocations=13 (full 1):
 PSYoungGen      total 640000K, used 11451K [0x00000000d6600000, 0x00000000ff600000, 0x0000000100000000)
  eden space 623616K, 0% used [0x00000000d6600000,0x00000000d6600000,0x00000000fc700000)
  from space 16384K, 69% used [0x00000000fd780000,0x00000000fe2aefd0,0x00000000fe780000)
  to   space 16896K, 0% used [0x00000000fc700000,0x00000000fc700000,0x00000000fd780000)
 ParOldGen       total 82944K, used 31689K [0x0000000083200000, 0x0000000088300000, 0x00000000d6600000)
  object space 82944K, 38% used [0x0000000083200000,0x00000000850f24e0,0x0000000088300000)
 Metaspace       used 34824K, capacity 35190K, committed 35456K, reserved 1081344K
  class space    used 4297K, capacity 4419K, committed 4480K, reserved 1048576K
}
Event: 9.188 GC heap before
{Heap before GC invocations=14 (full 2):
 PSYoungGen      total 640000K, used 11451K [0x00000000d6600000, 0x00000000ff600000, 0x0000000100000000)
  eden space 623616K, 0% used [0x00000000d6600000,0x00000000d6600000,0x00000000fc700000)
  from space 16384K, 69% used [0x00000000fd780000,0x00000000fe2aefd0,0x00000000fe780000)
  to   space 16896K, 0% used [0x00000000fc700000,0x00000000fc700000,0x00000000fd780000)
 ParOldGen       total 82944K, used 31689K [0x0000000083200000, 0x0000000088300000, 0x00000000d6600000)
  object space 82944K, 38% used [0x0000000083200000,0x00000000850f24e0,0x0000000088300000)
 Metaspace       used 34824K, capacity 35190K, committed 35456K, reserved 1081344K
  class space    used 4297K, capacity 4419K, committed 4480K, reserved 1048576K
Event: 9.308 GC heap after
Heap after GC invocations=14 (full 2):
 PSYoungGen      total 640000K, used 0K [0x00000000d6600000, 0x00000000ff600000, 0x0000000100000000)
  eden space 623616K, 0% used [0x00000000d6600000,0x00000000d6600000,0x00000000fc700000)
  from space 16384K, 0% used [0x00000000fd780000,0x00000000fd780000,0x00000000fe780000)
  to   space 16896K, 0% used [0x00000000fc700000,0x00000000fc700000,0x00000000fd780000)
 ParOldGen       total 115200K, used 33075K [0x0000000083200000, 0x000000008a280000, 0x00000000d6600000)
  object space 115200K, 28% used [0x0000000083200000,0x000000008524ce90,0x000000008a280000)
 Metaspace       used 34824K, capacity 35190K, committed 35456K, reserved 1081344K
  class space    used 4297K, capacity 4419K, committed 4480K, reserved 1048576K
}
Event: 11.084 GC heap before
{Heap before GC invocations=15 (full 2):
 PSYoungGen      total 640000K, used 623616K [0x00000000d6600000, 0x00000000ff600000, 0x0000000100000000)
  eden space 623616K, 100% used [0x00000000d6600000,0x00000000fc700000,0x00000000fc700000)
  from space 16384K, 0% used [0x00000000fd780000,0x00000000fd780000,0x00000000fe780000)
  to   space 16896K, 0% used [0x00000000fc700000,0x00000000fc700000,0x00000000fd780000)
 ParOldGen       total 115200K, used 33075K [0x0000000083200000, 0x000000008a280000, 0x00000000d6600000)
  object space 115200K, 28% used [0x0000000083200000,0x000000008524ce90,0x000000008a280000)
 Metaspace       used 38970K, capacity 39428K, committed 39936K, reserved 1083392K
  class space    used 4882K, capacity 5016K, committed 5120K, reserved 1048576K
Event: 11.099 GC heap after
Heap after GC invocations=15 (full 2):
 PSYoungGen      total 640512K, used 11781K [0x00000000d6600000, 0x0000000100000000, 0x0000000100000000)
  eden space 623616K, 0% used [0x00000000d6600000,0x00000000d6600000,0x00000000fc700000)
  from space 16896K, 69% used [0x00000000fc700000,0x00000000fd2816e8,0x00000000fd780000)
  to   space 16896K, 0% used [0x00000000fef80000,0x00000000fef80000,0x0000000100000000)
 ParOldGen       total 115200K, used 33083K [0x0000000083200000, 0x000000008a280000, 0x00000000d6600000)
  object space 115200K, 28% used [0x0000000083200000,0x000000008524ee90,0x000000008a280000)
 Metaspace       used 38970K, capacity 39428K, committed 39936K, reserved 1083392K
  class space    used 4882K, capacity 5016K, committed 5120K, reserved 1048576K
}
Event: 12.317 GC heap before
{Heap before GC invocations=16 (full 2):
 PSYoungGen      total 640512K, used 635397K [0x00000000d6600000, 0x0000000100000000, 0x0000000100000000)
  eden space 623616K, 100% used [0x00000000d6600000,0x00000000fc700000,0x00000000fc700000)
  from space 16896K, 69% used [0x00000000fc700000,0x00000000fd2816e8,0x00000000fd780000)
  to   space 16896K, 0% used [0x00000000fef80000,0x00000000fef80000,0x0000000100000000)
 ParOldGen       total 115200K, used 33083K [0x0000000083200000, 0x000000008a280000, 0x00000000d6600000)
  object space 115200K, 28% used [0x0000000083200000,0x000000008524ee90,0x000000008a280000)
 Metaspace       used 40235K, capacity 40728K, committed 41088K, reserved 1085440K
  class space    used 5036K, capacity 5196K, committed 5248K, reserved 1048576K
Event: 12.335 GC heap after
Heap after GC invocations=16 (full 2):
 PSYoungGen      total 664064K, used 9424K [0x00000000d6600000, 0x00000000fff00000, 0x0000000100000000)
  eden space 648192K, 0% used [0x00000000d6600000,0x00000000d6600000,0x00000000fdf00000)
  from space 15872K, 59% used [0x00000000fef80000,0x00000000ff8b40f8,0x00000000fff00000)
  to   space 16384K, 0% used [0x00000000fdf00000,0x00000000fdf00000,0x00000000fef00000)
 ParOldGen       total 115200K, used 33091K [0x0000000083200000, 0x000000008a280000, 0x00000000d6600000)
  object space 115200K, 28% used [0x0000000083200000,0x0000000085250e90,0x000000008a280000)
 Metaspace       used 40235K, capacity 40728K, committed 41088K, reserved 1085440K
  class space    used 5036K, capacity 5196K, committed 5248K, reserved 1048576K
}
Event: 93.995 GC heap before
{Heap before GC invocations=17 (full 2):
 PSYoungGen      total 664064K, used 657616K [0x00000000d6600000, 0x00000000fff00000, 0x0000000100000000)
  eden space 648192K, 100% used [0x00000000d6600000,0x00000000fdf00000,0x00000000fdf00000)
  from space 15872K, 59% used [0x00000000fef80000,0x00000000ff8b40f8,0x00000000fff00000)
  to   space 16384K, 0% used [0x00000000fdf00000,0x00000000fdf00000,0x00000000fef00000)
 ParOldGen       total 115200K, used 33091K [0x0000000083200000, 0x000000008a280000, 0x00000000d6600000)
  object space 115200K, 28% used [0x0000000083200000,0x0000000085250e90,0x000000008a280000)
 Metaspace       used 47172K, capacity 47796K, committed 48128K, reserved 1091584K
  class space    used 5904K, capacity 6092K, committed 6144K, reserved 1048576K
Event: 94.020 GC heap after
Heap after GC invocations=17 (full 2):
 PSYoungGen      total 664576K, used 16380K [0x00000000d6600000, 0x0000000100000000, 0x0000000100000000)
  eden space 648192K, 0% used [0x00000000d6600000,0x00000000d6600000,0x00000000fdf00000)
  from space 16384K, 99% used [0x00000000fdf00000,0x00000000feeff3e8,0x00000000fef00000)
  to   space 17408K, 0% used [0x00000000fef00000,0x00000000fef00000,0x0000000100000000)
 ParOldGen       total 115200K, used 33304K [0x0000000083200000, 0x000000008a280000, 0x00000000d6600000)
  object space 115200K, 28% used [0x0000000083200000,0x00000000852862d8,0x000000008a280000)
 Metaspace       used 47172K, capacity 47796K, committed 48128K, reserved 1091584K
  class space    used 5904K, capacity 6092K, committed 6144K, reserved 1048576K
}

