# JRE version: Java(TM) SE Runtime Environment (8.0_144-b01) (build 1.8.0_144-b01)
# Java VM: Java HotSpot(TM) 64-Bit Server VM (25.144-b01 mixed mode linux-amd64 compressed oops)
Heap:
 PSYoungGen      total 667136K, used 223718K [0x00000000d6600000, 0x0000000100000000, 0x0000000100000000)
  eden space 652288K, 33% used [0x00000000d6600000,0x00000000e3a34d40,0x00000000fe300000)
  from space 14848K, 43% used [0x00000000fe300000,0x00000000fe944c88,0x00000000ff180000)
  to   space 14848K, 0% used [0x00000000ff180000,0x00000000ff180000,0x0000000100000000)
 ParOldGen       total 105984K, used 43663K [0x0000000083200000, 0x0000000089980000, 0x00000000d6600000)
  object space 105984K, 41% used [0x0000000083200000,0x0000000085ca3d90,0x0000000089980000)
 Metaspace       used 42612K, capacity 43208K, committed 43392K, reserved 1087488K
  class space    used 5311K, capacity 5492K, committed 5504K, reserved 1048576K
GC Heap History (10 events):
Event: 7.449 GC heap before
{Heap before GC invocations=11 (full 1):
 PSYoungGen      total 535552K, used 531483K [0x00000000d6600000, 0x0000000100000000, 0x0000000100000000)
  eden space 524288K, 100% used [0x00000000d6600000,0x00000000f6600000,0x00000000f6600000)
  from space 11264K, 63% used [0x00000000f6600000,0x00000000f6d06f40,0x00000000f7100000)
  to   space 11264K, 0% used [0x00000000ff500000,0x00000000ff500000,0x0000000100000000)
 ParOldGen       total 77824K, used 28795K [0x0000000083200000, 0x0000000087e00000, 0x00000000d6600000)
  object space 77824K, 37% used [0x0000000083200000,0x0000000084e1eca0,0x0000000087e00000)
 Metaspace       used 29690K, capacity 29902K, committed 30208K, reserved 1075200K
  class space    used 3662K, capacity 3728K, committed 3840K, reserved 1048576K
Event: 7.467 GC heap after
Heap after GC invocations=11 (full 1):
 PSYoungGen      total 667648K, used 11244K [0x00000000d6600000, 0x0000000100000000, 0x0000000100000000)
  eden space 656384K, 0% used [0x00000000d6600000,0x00000000d6600000,0x00000000fe700000)
  from space 11264K, 99% used [0x00000000ff500000,0x00000000ffffb3e8,0x0000000100000000)
  to   space 12800K, 0% used [0x00000000fe700000,0x00000000fe700000,0x00000000ff380000)
 ParOldGen       total 77824K, used 31735K [0x0000000083200000, 0x0000000087e00000, 0x00000000d6600000)
  object space 77824K, 40% used [0x0000000083200000,0x00000000850fdf98,0x0000000087e00000)
 Metaspace       used 29690K, capacity 29902K, committed 30208K, reserved 1075200K
  class space    used 3662K, capacity 3728K, committed 3840K, reserved 1048576K
}
Event: 10.001 GC heap before
{Heap before GC invocations=12 (full 1):
 PSYoungGen      total 667648K, used 599669K [0x00000000d6600000, 0x0000000100000000, 0x0000000100000000)
  eden space 656384K, 89% used [0x00000000d6600000,0x00000000fa4a2148,0x00000000fe700000)
  from space 11264K, 99% used [0x00000000ff500000,0x00000000ffffb3e8,0x0000000100000000)
  to   space 12800K, 0% used [0x00000000fe700000,0x00000000fe700000,0x00000000ff380000)
 ParOldGen       total 77824K, used 31735K [0x0000000083200000, 0x0000000087e00000, 0x00000000d6600000)
  object space 77824K, 40% used [0x0000000083200000,0x00000000850fdf98,0x0000000087e00000)
 Metaspace       used 34965K, capacity 35286K, committed 35456K, reserved 1081344K
  class space    used 4318K, capacity 4451K, committed 4480K, reserved 1048576K
Event: 10.074 GC heap after
Heap after GC invocations=12 (full 1):
 PSYoungGen      total 669184K, used 12739K [0x00000000d6600000, 0x0000000100000000, 0x0000000100000000)
  eden space 656384K, 0% used [0x00000000d6600000,0x00000000d6600000,0x00000000fe700000)
  from space 12800K, 99% used [0x00000000fe700000,0x00000000ff370e28,0x00000000ff380000)
  to   space 12800K, 0% used [0x00000000ff380000,0x00000000ff380000,0x0000000100000000)
 ParOldGen       total 77824K, used 38092K [0x0000000083200000, 0x0000000087e00000, 0x00000000d6600000)
  object space 77824K, 48% used [0x0000000083200000,0x0000000085733068,0x0000000087e00000)
 Metaspace       used 34965K, capacity 35286K, committed 35456K, reserved 1081344K
  class space    used 4318K, capacity 4451K, committed 4480K, reserved 1048576K
}
Event: 10.074 GC heap before
{Heap before GC invocations=13 (full 2):
 PSYoungGen      total 669184K, used 12739K [0x00000000d6600000, 0x0000000100000000, 0x0000000100000000)
  eden space 656384K, 0% used [0x00000000d6600000,0x00000000d6600000,0x00000000fe700000)
  from space 12800K, 99% used [0x00000000fe700000,0x00000000ff370e28,0x00000000ff380000)
  to   space 12800K, 0% used [0x00000000ff380000,0x00000000ff380000,0x0000000100000000)
 ParOldGen       total 77824K, used 38092K [0x0000000083200000, 0x0000000087e00000, 0x00000000d6600000)
  object space 77824K, 48% used [0x0000000083200000,0x0000000085733068,0x0000000087e00000)
 Metaspace       used 34965K, capacity 35286K, committed 35456K, reserved 1081344K
  class space    used 4318K, capacity 4451K, committed 4480K, reserved 1048576K
Event: 10.185 GC heap after
Heap after GC invocations=13 (full 2):
 PSYoungGen      total 669184K, used 0K [0x00000000d6600000, 0x0000000100000000, 0x0000000100000000)
  eden space 656384K, 0% used [0x00000000d6600000,0x00000000d6600000,0x00000000fe700000)
  from space 12800K, 0% used [0x00000000fe700000,0x00000000fe700000,0x00000000ff380000)
  to   space 12800K, 0% used [0x00000000ff380000,0x00000000ff380000,0x0000000100000000)
 ParOldGen       total 105984K, used 39955K [0x0000000083200000, 0x0000000089980000, 0x00000000d6600000)
  object space 105984K, 37% used [0x0000000083200000,0x0000000085904f60,0x0000000089980000)
 Metaspace       used 34965K, capacity 35286K, committed 35456K, reserved 1081344K
  class space    used 4318K, capacity 4451K, committed 4480K, reserved 1048576K
}
Event: 12.450 GC heap before
{Heap before GC invocations=14 (full 2):
 PSYoungGen      total 669184K, used 656384K [0x00000000d6600000, 0x0000000100000000, 0x0000000100000000)
  eden space 656384K, 100% used [0x00000000d6600000,0x00000000fe700000,0x00000000fe700000)
  from space 12800K, 0% used [0x00000000fe700000,0x00000000fe700000,0x00000000ff380000)
  to   space 12800K, 0% used [0x00000000ff380000,0x00000000ff380000,0x0000000100000000)
 ParOldGen       total 105984K, used 39955K [0x0000000083200000, 0x0000000089980000, 0x00000000d6600000)
  object space 105984K, 37% used [0x0000000083200000,0x0000000085904f60,0x0000000089980000)
 Metaspace       used 40027K, capacity 40388K, committed 40832K, reserved 1085440K
  class space    used 5015K, capacity 5144K, committed 5248K, reserved 1048576K
Event: 12.472 GC heap after
Heap after GC invocations=14 (full 2):
 PSYoungGen      total 665088K, used 12690K [0x00000000d6600000, 0x0000000100000000, 0x0000000100000000)
  eden space 652288K, 0% used [0x00000000d6600000,0x00000000d6600000,0x00000000fe300000)
  from space 12800K, 99% used [0x00000000ff380000,0x00000000fffe4a40,0x0000000100000000)
  to   space 14848K, 0% used [0x00000000fe300000,0x00000000fe300000,0x00000000ff180000)
 ParOldGen       total 105984K, used 39963K [0x0000000083200000, 0x0000000089980000, 0x00000000d6600000)
  object space 105984K, 37% used [0x0000000083200000,0x0000000085906f60,0x0000000089980000)
 Metaspace       used 40027K, capacity 40388K, committed 40832K, reserved 1085440K
  class space    used 5015K, capacity 5144K, committed 5248K, reserved 1048576K
}
Event: 14.119 GC heap before
{Heap before GC invocations=15 (full 2):
 PSYoungGen      total 665088K, used 664978K [0x00000000d6600000, 0x0000000100000000, 0x0000000100000000)
  eden space 652288K, 100% used [0x00000000d6600000,0x00000000fe300000,0x00000000fe300000)
  from space 12800K, 99% used [0x00000000ff380000,0x00000000fffe4a40,0x0000000100000000)
  to   space 14848K, 0% used [0x00000000fe300000,0x00000000fe300000,0x00000000ff180000)
 ParOldGen       total 105984K, used 39963K [0x0000000083200000, 0x0000000089980000, 0x00000000d6600000)
  object space 105984K, 37% used [0x0000000083200000,0x0000000085906f60,0x0000000089980000)
 Metaspace       used 41325K, capacity 41816K, committed 42240K, reserved 1085440K
  class space    used 5172K, capacity 5324K, committed 5376K, reserved 1048576K
Event: 14.225 GC heap after
Heap after GC invocations=15 (full 2):
 PSYoungGen      total 667136K, used 6419K [0x00000000d6600000, 0x0000000100000000, 0x0000000100000000)
  eden space 652288K, 0% used [0x00000000d6600000,0x00000000d6600000,0x00000000fe300000)
  from space 14848K, 43% used [0x00000000fe300000,0x00000000fe944c88,0x00000000ff180000)
  to   space 14848K, 0% used [0x00000000ff180000,0x00000000ff180000,0x0000000100000000)
 ParOldGen       total 105984K, used 43663K [0x0000000083200000, 0x0000000089980000, 0x00000000d6600000)
  object space 105984K, 41% used [0x0000000083200000,0x0000000085ca3d90,0x0000000089980000)
 Metaspace       used 41325K, capacity 41816K, committed 42240K, reserved 1085440K
  class space    used 5172K, capacity 5324K, committed 5376K, reserved 1048576K
}

