# JRE version: Java(TM) SE Runtime Environment (8.0_144-b01) (build 1.8.0_144-b01)
# Java VM: Java HotSpot(TM) 64-Bit Server VM (25.144-b01 mixed mode linux-amd64 compressed oops)
Heap:
 PSYoungGen      total 668672K, used 81360K [0x00000000d6600000, 0x0000000100000000, 0x0000000100000000)
  eden space 656384K, 10% used [0x00000000d6600000,0x00000000dab761f8,0x00000000fe700000)
  from space 12288K, 83% used [0x00000000fe700000,0x00000000ff0fdf48,0x00000000ff300000)
  to   space 12800K, 0% used [0x00000000ff380000,0x00000000ff380000,0x0000000100000000)
 ParOldGen       total 114176K, used 35445K [0x0000000083200000, 0x000000008a180000, 0x00000000d6600000)
  object space 114176K, 31% used [0x0000000083200000,0x000000008549d6e0,0x000000008a180000)
 Metaspace       used 43945K, capacity 44588K, committed 44800K, reserved 1089536K
  class space    used 5369K, capacity 5564K, committed 5632K, reserved 1048576K
GC Heap History (10 events):
Event: 27.840 GC heap before
{Heap before GC invocations=11 (full 1):
 PSYoungGen      total 536576K, used 523776K [0x00000000d6600000, 0x0000000100000000, 0x0000000100000000)
  eden space 523776K, 100% used [0x00000000d6600000,0x00000000f6580000,0x00000000f6580000)
  from space 12800K, 0% used [0x00000000f6580000,0x00000000f6580000,0x00000000f7200000)
  to   space 12800K, 0% used [0x00000000ff380000,0x00000000ff380000,0x0000000100000000)
 ParOldGen       total 77824K, used 24768K [0x0000000083200000, 0x0000000087e00000, 0x00000000d6600000)
  object space 77824K, 31% used [0x0000000083200000,0x0000000084a303d0,0x0000000087e00000)
 Metaspace       used 26549K, capacity 26796K, committed 27264K, reserved 1073152K
  class space    used 3265K, capacity 3338K, committed 3456K, reserved 1048576K
Event: 27.896 GC heap after
Heap after GC invocations=11 (full 1):
 PSYoungGen      total 669184K, used 9085K [0x00000000d6600000, 0x0000000100000000, 0x0000000100000000)
  eden space 656384K, 0% used [0x00000000d6600000,0x00000000d6600000,0x00000000fe700000)
  from space 12800K, 70% used [0x00000000ff380000,0x00000000ffc5f6f8,0x0000000100000000)
  to   space 12800K, 0% used [0x00000000fe700000,0x00000000fe700000,0x00000000ff380000)
 ParOldGen       total 77824K, used 24776K [0x0000000083200000, 0x0000000087e00000, 0x00000000d6600000)
  object space 77824K, 31% used [0x0000000083200000,0x0000000084a323d0,0x0000000087e00000)
 Metaspace       used 26549K, capacity 26796K, committed 27264K, reserved 1073152K
  class space    used 3265K, capacity 3338K, committed 3456K, reserved 1048576K
}
Event: 36.505 GC heap before
{Heap before GC invocations=12 (full 1):
 PSYoungGen      total 669184K, used 515343K [0x00000000d6600000, 0x0000000100000000, 0x0000000100000000)
  eden space 656384K, 77% used [0x00000000d6600000,0x00000000f5464680,0x00000000fe700000)
  from space 12800K, 70% used [0x00000000ff380000,0x00000000ffc5f6f8,0x0000000100000000)
  to   space 12800K, 0% used [0x00000000fe700000,0x00000000fe700000,0x00000000ff380000)
 ParOldGen       total 77824K, used 24776K [0x0000000083200000, 0x0000000087e00000, 0x00000000d6600000)
  object space 77824K, 31% used [0x0000000083200000,0x0000000084a323d0,0x0000000087e00000)
 Metaspace       used 34766K, capacity 35128K, committed 35496K, reserved 1081344K
  class space    used 4382K, capacity 4548K, committed 4608K, reserved 1048576K
Event: 36.580 GC heap after
Heap after GC invocations=12 (full 1):
 PSYoungGen      total 666112K, used 9476K [0x00000000d6600000, 0x00000000fff00000, 0x0000000100000000)
  eden space 656384K, 0% used [0x00000000d6600000,0x00000000d6600000,0x00000000fe700000)
  from space 9728K, 97% used [0x00000000fe700000,0x00000000ff041108,0x00000000ff080000)
  to   space 12288K, 0% used [0x00000000ff300000,0x00000000ff300000,0x00000000fff00000)
 ParOldGen       total 77824K, used 29169K [0x0000000083200000, 0x0000000087e00000, 0x00000000d6600000)
  object space 77824K, 37% used [0x0000000083200000,0x0000000084e7c450,0x0000000087e00000)
 Metaspace       used 34766K, capacity 35128K, committed 35496K, reserved 1081344K
  class space    used 4382K, capacity 4548K, committed 4608K, reserved 1048576K
}
Event: 36.580 GC heap before
{Heap before GC invocations=13 (full 2):
 PSYoungGen      total 666112K, used 9476K [0x00000000d6600000, 0x00000000fff00000, 0x0000000100000000)
  eden space 656384K, 0% used [0x00000000d6600000,0x00000000d6600000,0x00000000fe700000)
  from space 9728K, 97% used [0x00000000fe700000,0x00000000ff041108,0x00000000ff080000)
  to   space 12288K, 0% used [0x00000000ff300000,0x00000000ff300000,0x00000000fff00000)
 ParOldGen       total 77824K, used 29169K [0x0000000083200000, 0x0000000087e00000, 0x00000000d6600000)
  object space 77824K, 37% used [0x0000000083200000,0x0000000084e7c450,0x0000000087e00000)
 Metaspace       used 34766K, capacity 35128K, committed 35496K, reserved 1081344K
  class space    used 4382K, capacity 4548K, committed 4608K, reserved 1048576K
Event: 37.082 GC heap after
Heap after GC invocations=13 (full 2):
 PSYoungGen      total 666112K, used 0K [0x00000000d6600000, 0x00000000fff00000, 0x0000000100000000)
  eden space 656384K, 0% used [0x00000000d6600000,0x00000000d6600000,0x00000000fe700000)
  from space 9728K, 0% used [0x00000000fe700000,0x00000000fe700000,0x00000000ff080000)
  to   space 12288K, 0% used [0x00000000ff300000,0x00000000ff300000,0x00000000fff00000)
 ParOldGen       total 114176K, used 35429K [0x0000000083200000, 0x000000008a180000, 0x00000000d6600000)
  object space 114176K, 31% used [0x0000000083200000,0x00000000854996e0,0x000000008a180000)
 Metaspace       used 34766K, capacity 35128K, committed 35496K, reserved 1081344K
  class space    used 4382K, capacity 4548K, committed 4608K, reserved 1048576K
}
Event: 45.461 GC heap before
{Heap before GC invocations=14 (full 2):
 PSYoungGen      total 666112K, used 656384K [0x00000000d6600000, 0x00000000fff00000, 0x0000000100000000)
  eden space 656384K, 100% used [0x00000000d6600000,0x00000000fe700000,0x00000000fe700000)
  from space 9728K, 0% used [0x00000000fe700000,0x00000000fe700000,0x00000000ff080000)
  to   space 12288K, 0% used [0x00000000ff300000,0x00000000ff300000,0x00000000fff00000)
 ParOldGen       total 114176K, used 35429K [0x0000000083200000, 0x000000008a180000, 0x00000000d6600000)
  object space 114176K, 31% used [0x0000000083200000,0x00000000854996e0,0x000000008a180000)
 Metaspace       used 38421K, capacity 38842K, committed 39296K, reserved 1083392K
  class space    used 4858K, capacity 4989K, committed 4992K, reserved 1048576K
Event: 45.504 GC heap after
Heap after GC invocations=14 (full 2):
 PSYoungGen      total 668672K, used 7562K [0x00000000d6600000, 0x0000000100000000, 0x0000000100000000)
  eden space 656384K, 0% used [0x00000000d6600000,0x00000000d6600000,0x00000000fe700000)
  from space 12288K, 61% used [0x00000000ff300000,0x00000000ffa628f0,0x00000000fff00000)
  to   space 12288K, 0% used [0x00000000fe700000,0x00000000fe700000,0x00000000ff300000)
 ParOldGen       total 114176K, used 35437K [0x0000000083200000, 0x000000008a180000, 0x00000000d6600000)
  object space 114176K, 31% used [0x0000000083200000,0x000000008549b6e0,0x000000008a180000)
 Metaspace       used 38421K, capacity 38842K, committed 39296K, reserved 1083392K
  class space    used 4858K, capacity 4989K, committed 4992K, reserved 1048576K
}
Event: 213.031 GC heap before
{Heap before GC invocations=15 (full 2):
 PSYoungGen      total 668672K, used 663946K [0x00000000d6600000, 0x0000000100000000, 0x0000000100000000)
  eden space 656384K, 100% used [0x00000000d6600000,0x00000000fe700000,0x00000000fe700000)
  from space 12288K, 61% used [0x00000000ff300000,0x00000000ffa628f0,0x00000000fff00000)
  to   space 12288K, 0% used [0x00000000fe700000,0x00000000fe700000,0x00000000ff300000)
 ParOldGen       total 114176K, used 35437K [0x0000000083200000, 0x000000008a180000, 0x00000000d6600000)
  object space 114176K, 31% used [0x0000000083200000,0x000000008549b6e0,0x000000008a180000)
 Metaspace       used 43900K, capacity 44512K, committed 44800K, reserved 1089536K
  class space    used 5367K, capacity 5562K, committed 5632K, reserved 1048576K
Event: 213.353 GC heap after
Heap after GC invocations=15 (full 2):
 PSYoungGen      total 668672K, used 10231K [0x00000000d6600000, 0x0000000100000000, 0x0000000100000000)
  eden space 656384K, 0% used [0x00000000d6600000,0x00000000d6600000,0x00000000fe700000)
  from space 12288K, 83% used [0x00000000fe700000,0x00000000ff0fdf48,0x00000000ff300000)
  to   space 12800K, 0% used [0x00000000ff380000,0x00000000ff380000,0x0000000100000000)
 ParOldGen       total 114176K, used 35445K [0x0000000083200000, 0x000000008a180000, 0x00000000d6600000)
  object space 114176K, 31% used [0x0000000083200000,0x000000008549d6e0,0x000000008a180000)
 Metaspace       used 43900K, capacity 44512K, committed 44800K, reserved 1089536K
  class space    used 5367K, capacity 5562K, committed 5632K, reserved 1048576K
}

