# JRE version: Java(TM) SE Runtime Environment (8.0_144-b01) (build 1.8.0_144-b01)
# Java VM: Java HotSpot(TM) 64-Bit Server VM (25.144-b01 mixed mode linux-amd64 compressed oops)
Heap:
 PSYoungGen      total 246784K, used 11170K [0x00000000d6600000, 0x00000000e7d80000, 0x0000000100000000)
  eden space 232960K, 0% used [0x00000000d6600000,0x00000000d6600000,0x00000000e4980000)
  from space 13824K, 80% used [0x00000000e6280000,0x00000000e6d68858,0x00000000e7000000)
  to   space 9216K, 0% used [0x00000000e7480000,0x00000000e7480000,0x00000000e7d80000)
 ParOldGen       total 62976K, used 15273K [0x0000000083200000, 0x0000000086f80000, 0x00000000d6600000)
  object space 62976K, 24% used [0x0000000083200000,0x00000000840ea6a0,0x0000000086f80000)
 Metaspace       used 35020K, capacity 35276K, committed 35456K, reserved 1079296K
  class space    used 4522K, capacity 4617K, committed 4736K, reserved 1048576K
GC Heap History (10 events):
Event: 3.046 GC heap after
Heap after GC invocations=3 (full 0):
 PSYoungGen      total 70656K, used 5110K [0x00000000d6600000, 0x00000000df000000, 0x0000000100000000)
  eden space 65536K, 0% used [0x00000000d6600000,0x00000000d6600000,0x00000000da600000)
  from space 5120K, 99% used [0x00000000da600000,0x00000000daafd960,0x00000000dab00000)
  to   space 5120K, 0% used [0x00000000deb00000,0x00000000deb00000,0x00000000df000000)
 ParOldGen       total 86016K, used 10631K [0x0000000083200000, 0x0000000088600000, 0x00000000d6600000)
  object space 86016K, 12% used [0x0000000083200000,0x0000000083c61d08,0x0000000088600000)
 Metaspace       used 18646K, capacity 18826K, committed 19072K, reserved 1067008K
  class space    used 2325K, capacity 2383K, committed 2432K, reserved 1048576K
}
Event: 3.369 GC heap before
{Heap before GC invocations=4 (full 0):
 PSYoungGen      total 70656K, used 70646K [0x00000000d6600000, 0x00000000df000000, 0x0000000100000000)
  eden space 65536K, 100% used [0x00000000d6600000,0x00000000da600000,0x00000000da600000)
  from space 5120K, 99% used [0x00000000da600000,0x00000000daafd960,0x00000000dab00000)
  to   space 5120K, 0% used [0x00000000deb00000,0x00000000deb00000,0x00000000df000000)
 ParOldGen       total 86016K, used 10631K [0x0000000083200000, 0x0000000088600000, 0x00000000d6600000)
  object space 86016K, 12% used [0x0000000083200000,0x0000000083c61d08,0x0000000088600000)
 Metaspace       used 19976K, capacity 20172K, committed 20224K, reserved 1067008K
  class space    used 2495K, capacity 2549K, committed 2560K, reserved 1048576K
Event: 3.400 GC heap after
Heap after GC invocations=4 (full 0):
 PSYoungGen      total 136192K, used 5108K [0x00000000d6600000, 0x00000000df000000, 0x0000000100000000)
  eden space 131072K, 0% used [0x00000000d6600000,0x00000000d6600000,0x00000000de600000)
  from space 5120K, 99% used [0x00000000deb00000,0x00000000deffd1c0,0x00000000df000000)
  to   space 5120K, 0% used [0x00000000de600000,0x00000000de600000,0x00000000deb00000)
 ParOldGen       total 86016K, used 15440K [0x0000000083200000, 0x0000000088600000, 0x00000000d6600000)
  object space 86016K, 17% used [0x0000000083200000,0x0000000084114338,0x0000000088600000)
 Metaspace       used 19976K, capacity 20172K, committed 20224K, reserved 1067008K
  class space    used 2495K, capacity 2549K, committed 2560K, reserved 1048576K
}
Event: 3.729 GC heap before
{Heap before GC invocations=5 (full 0):
 PSYoungGen      total 136192K, used 57633K [0x00000000d6600000, 0x00000000df000000, 0x0000000100000000)
  eden space 131072K, 40% used [0x00000000d6600000,0x00000000d994b308,0x00000000de600000)
  from space 5120K, 99% used [0x00000000deb00000,0x00000000deffd1c0,0x00000000df000000)
  to   space 5120K, 0% used [0x00000000de600000,0x00000000de600000,0x00000000deb00000)
 ParOldGen       total 86016K, used 15440K [0x0000000083200000, 0x0000000088600000, 0x00000000d6600000)
  object space 86016K, 17% used [0x0000000083200000,0x0000000084114338,0x0000000088600000)
 Metaspace       used 20971K, capacity 21138K, committed 21296K, reserved 1069056K
  class space    used 2641K, capacity 2678K, committed 2688K, reserved 1048576K
Event: 3.859 GC heap after
Heap after GC invocations=5 (full 0):
 PSYoungGen      total 136192K, used 5104K [0x00000000d6600000, 0x00000000e8300000, 0x0000000100000000)
  eden space 131072K, 0% used [0x00000000d6600000,0x00000000d6600000,0x00000000de600000)
  from space 5120K, 99% used [0x00000000de600000,0x00000000deafc188,0x00000000deb00000)
  to   space 14848K, 0% used [0x00000000e7480000,0x00000000e7480000,0x00000000e8300000)
 ParOldGen       total 86016K, used 21063K [0x0000000083200000, 0x0000000088600000, 0x00000000d6600000)
  object space 86016K, 24% used [0x0000000083200000,0x0000000084691d70,0x0000000088600000)
 Metaspace       used 20971K, capacity 21138K, committed 21296K, reserved 1069056K
  class space    used 2641K, capacity 2678K, committed 2688K, reserved 1048576K
}
Event: 3.862 GC heap before
{Heap before GC invocations=6 (full 1):
 PSYoungGen      total 136192K, used 5104K [0x00000000d6600000, 0x00000000e8300000, 0x0000000100000000)
  eden space 131072K, 0% used [0x00000000d6600000,0x00000000d6600000,0x00000000de600000)
  from space 5120K, 99% used [0x00000000de600000,0x00000000deafc188,0x00000000deb00000)
  to   space 14848K, 0% used [0x00000000e7480000,0x00000000e7480000,0x00000000e8300000)
 ParOldGen       total 86016K, used 21063K [0x0000000083200000, 0x0000000088600000, 0x00000000d6600000)
  object space 86016K, 24% used [0x0000000083200000,0x0000000084691d70,0x0000000088600000)
 Metaspace       used 20971K, capacity 21138K, committed 21296K, reserved 1069056K
  class space    used 2641K, capacity 2678K, committed 2688K, reserved 1048576K
Event: 3.945 GC heap after
Heap after GC invocations=6 (full 1):
 PSYoungGen      total 136192K, used 0K [0x00000000d6600000, 0x00000000e8300000, 0x0000000100000000)
  eden space 131072K, 0% used [0x00000000d6600000,0x00000000d6600000,0x00000000de600000)
  from space 5120K, 0% used [0x00000000de600000,0x00000000de600000,0x00000000deb00000)
  to   space 14848K, 0% used [0x00000000e7480000,0x00000000e7480000,0x00000000e8300000)
 ParOldGen       total 62976K, used 15257K [0x0000000083200000, 0x0000000086f80000, 0x00000000d6600000)
  object space 62976K, 24% used [0x0000000083200000,0x00000000840e66a0,0x0000000086f80000)
 Metaspace       used 20971K, capacity 21138K, committed 21296K, reserved 1069056K
  class space    used 2641K, capacity 2678K, committed 2688K, reserved 1048576K
}
Event: 5.753 GC heap before
{Heap before GC invocations=7 (full 1):
 PSYoungGen      total 136192K, used 131072K [0x00000000d6600000, 0x00000000e8300000, 0x0000000100000000)
  eden space 131072K, 100% used [0x00000000d6600000,0x00000000de600000,0x00000000de600000)
  from space 5120K, 0% used [0x00000000de600000,0x00000000de600000,0x00000000deb00000)
  to   space 14848K, 0% used [0x00000000e7480000,0x00000000e7480000,0x00000000e8300000)
 ParOldGen       total 62976K, used 15257K [0x0000000083200000, 0x0000000086f80000, 0x00000000d6600000)
  object space 62976K, 24% used [0x0000000083200000,0x00000000840e66a0,0x0000000086f80000)
 Metaspace       used 27423K, capacity 27684K, committed 27904K, reserved 1073152K
  class space    used 3438K, capacity 3497K, committed 3584K, reserved 1048576K
Event: 5.770 GC heap after
Heap after GC invocations=7 (full 1):
 PSYoungGen      total 242176K, used 9087K [0x00000000d6600000, 0x00000000e7d80000, 0x0000000100000000)
  eden space 232960K, 0% used [0x00000000d6600000,0x00000000d6600000,0x00000000e4980000)
  from space 9216K, 98% used [0x00000000e7480000,0x00000000e7d5fd30,0x00000000e7d80000)
  to   space 13824K, 0% used [0x00000000e6280000,0x00000000e6280000,0x00000000e7000000)
 ParOldGen       total 62976K, used 15265K [0x0000000083200000, 0x0000000086f80000, 0x00000000d6600000)
  object space 62976K, 24% used [0x0000000083200000,0x00000000840e86a0,0x0000000086f80000)
 Metaspace       used 27423K, capacity 27684K, committed 27904K, reserved 1073152K
  class space    used 3438K, capacity 3497K, committed 3584K, reserved 1048576K
}
Event: 7.165 GC heap before
{Heap before GC invocations=8 (full 1):
 PSYoungGen      total 242176K, used 81761K [0x00000000d6600000, 0x00000000e7d80000, 0x0000000100000000)
  eden space 232960K, 31% used [0x00000000d6600000,0x00000000dacf8940,0x00000000e4980000)
  from space 9216K, 98% used [0x00000000e7480000,0x00000000e7d5fd30,0x00000000e7d80000)
  to   space 13824K, 0% used [0x00000000e6280000,0x00000000e6280000,0x00000000e7000000)
 ParOldGen       total 62976K, used 15265K [0x0000000083200000, 0x0000000086f80000, 0x00000000d6600000)
  object space 62976K, 24% used [0x0000000083200000,0x00000000840e86a0,0x0000000086f80000)
 Metaspace       used 35020K, capacity 35276K, committed 35456K, reserved 1079296K
  class space    used 4522K, capacity 4617K, committed 4736K, reserved 1048576K

