# JRE version: Java(TM) SE Runtime Environment (8.0_144-b01) (build 1.8.0_144-b01)
# Java VM: Java HotSpot(TM) 64-Bit Server VM (25.144-b01 mixed mode linux-amd64 compressed oops)
Heap:
 PSYoungGen      total 668672K, used 445179K [0x00000000d6600000, 0x0000000100000000, 0x0000000100000000)
  eden space 655360K, 66% used [0x00000000d6600000,0x00000000f0f8d5c0,0x00000000fe600000)
  from space 13312K, 70% used [0x00000000fe600000,0x00000000fef319e8,0x00000000ff300000)
  to   space 13312K, 0% used [0x00000000ff300000,0x00000000ff300000,0x0000000100000000)
 ParOldGen       total 87040K, used 41666K [0x0000000083200000, 0x0000000088700000, 0x00000000d6600000)
  object space 87040K, 47% used [0x0000000083200000,0x0000000085ab08c8,0x0000000088700000)
 Metaspace       used 48823K, capacity 49622K, committed 49832K, reserved 1093632K
  class space    used 6009K, capacity 6193K, committed 6320K, reserved 1048576K
GC Heap History (10 events):
Event: 32.398 GC heap before
{Heap before GC invocations=11 (full 1):
 PSYoungGen      total 535552K, used 523264K [0x00000000d6600000, 0x0000000100000000, 0x0000000100000000)
  eden space 523264K, 100% used [0x00000000d6600000,0x00000000f6500000,0x00000000f6500000)
  from space 12288K, 0% used [0x00000000f6500000,0x00000000f6500000,0x00000000f7100000)
  to   space 12288K, 0% used [0x00000000ff400000,0x00000000ff400000,0x0000000100000000)
 ParOldGen       total 68096K, used 24859K [0x0000000083200000, 0x0000000087480000, 0x00000000d6600000)
  object space 68096K, 36% used [0x0000000083200000,0x0000000084a46fc0,0x0000000087480000)
 Metaspace       used 25574K, capacity 25836K, committed 26032K, reserved 1073152K
  class space    used 3149K, capacity 3237K, committed 3248K, reserved 1048576K
Event: 32.439 GC heap after
Heap after GC invocations=11 (full 1):
 PSYoungGen      total 668672K, used 11019K [0x00000000d6600000, 0x0000000100000000, 0x0000000100000000)
  eden space 656384K, 0% used [0x00000000d6600000,0x00000000d6600000,0x00000000fe700000)
  from space 12288K, 89% used [0x00000000ff400000,0x00000000ffec2da8,0x0000000100000000)
  to   space 12800K, 0% used [0x00000000fe700000,0x00000000fe700000,0x00000000ff380000)
 ParOldGen       total 68096K, used 24867K [0x0000000083200000, 0x0000000087480000, 0x00000000d6600000)
  object space 68096K, 36% used [0x0000000083200000,0x0000000084a48fc0,0x0000000087480000)
 Metaspace       used 25574K, capacity 25836K, committed 26032K, reserved 1073152K
  class space    used 3149K, capacity 3237K, committed 3248K, reserved 1048576K
}
Event: 42.015 GC heap before
{Heap before GC invocations=12 (full 1):
 PSYoungGen      total 668672K, used 626591K [0x00000000d6600000, 0x0000000100000000, 0x0000000100000000)
  eden space 656384K, 93% used [0x00000000d6600000,0x00000000fbf250e0,0x00000000fe700000)
  from space 12288K, 89% used [0x00000000ff400000,0x00000000ffec2da8,0x0000000100000000)
  to   space 12800K, 0% used [0x00000000fe700000,0x00000000fe700000,0x00000000ff380000)
 ParOldGen       total 68096K, used 24867K [0x0000000083200000, 0x0000000087480000, 0x00000000d6600000)
  object space 68096K, 36% used [0x0000000083200000,0x0000000084a48fc0,0x0000000087480000)
 Metaspace       used 34783K, capacity 35196K, committed 35496K, reserved 1081344K
  class space    used 4376K, capacity 4512K, committed 4528K, reserved 1048576K
Event: 42.082 GC heap after
Heap after GC invocations=12 (full 1):
 PSYoungGen      total 669184K, used 12498K [0x00000000d6600000, 0x0000000100000000, 0x0000000100000000)
  eden space 656384K, 0% used [0x00000000d6600000,0x00000000d6600000,0x00000000fe700000)
  from space 12800K, 97% used [0x00000000fe700000,0x00000000ff334b98,0x00000000ff380000)
  to   space 12800K, 0% used [0x00000000ff380000,0x00000000ff380000,0x0000000100000000)
 ParOldGen       total 68096K, used 28012K [0x0000000083200000, 0x0000000087480000, 0x00000000d6600000)
  object space 68096K, 41% used [0x0000000083200000,0x0000000084d5b000,0x0000000087480000)
 Metaspace       used 34783K, capacity 35196K, committed 35496K, reserved 1081344K
  class space    used 4376K, capacity 4512K, committed 4528K, reserved 1048576K
}
Event: 42.082 GC heap before
{Heap before GC invocations=13 (full 2):
 PSYoungGen      total 669184K, used 12498K [0x00000000d6600000, 0x0000000100000000, 0x0000000100000000)
  eden space 656384K, 0% used [0x00000000d6600000,0x00000000d6600000,0x00000000fe700000)
  from space 12800K, 97% used [0x00000000fe700000,0x00000000ff334b98,0x00000000ff380000)
  to   space 12800K, 0% used [0x00000000ff380000,0x00000000ff380000,0x0000000100000000)
 ParOldGen       total 68096K, used 28012K [0x0000000083200000, 0x0000000087480000, 0x00000000d6600000)
  object space 68096K, 41% used [0x0000000083200000,0x0000000084d5b000,0x0000000087480000)
 Metaspace       used 34783K, capacity 35196K, committed 35496K, reserved 1081344K
  class space    used 4376K, capacity 4512K, committed 4528K, reserved 1048576K
Event: 42.399 GC heap after
Heap after GC invocations=13 (full 2):
 PSYoungGen      total 669184K, used 0K [0x00000000d6600000, 0x0000000100000000, 0x0000000100000000)
  eden space 656384K, 0% used [0x00000000d6600000,0x00000000d6600000,0x00000000fe700000)
  from space 12800K, 0% used [0x00000000fe700000,0x00000000fe700000,0x00000000ff380000)
  to   space 12800K, 0% used [0x00000000ff380000,0x00000000ff380000,0x0000000100000000)
 ParOldGen       total 87040K, used 36090K [0x0000000083200000, 0x0000000088700000, 0x00000000d6600000)
  object space 87040K, 41% used [0x0000000083200000,0x000000008553e888,0x0000000088700000)
 Metaspace       used 34783K, capacity 35196K, committed 35496K, reserved 1081344K
  class space    used 4376K, capacity 4512K, committed 4528K, reserved 1048576K
}
Event: 48.257 GC heap before
{Heap before GC invocations=14 (full 2):
 PSYoungGen      total 669184K, used 656384K [0x00000000d6600000, 0x0000000100000000, 0x0000000100000000)
  eden space 656384K, 100% used [0x00000000d6600000,0x00000000fe700000,0x00000000fe700000)
  from space 12800K, 0% used [0x00000000fe700000,0x00000000fe700000,0x00000000ff380000)
  to   space 12800K, 0% used [0x00000000ff380000,0x00000000ff380000,0x0000000100000000)
 ParOldGen       total 87040K, used 36090K [0x0000000083200000, 0x0000000088700000, 0x00000000d6600000)
  object space 87040K, 41% used [0x0000000083200000,0x000000008553e888,0x0000000088700000)
 Metaspace       used 39215K, capacity 39648K, committed 39976K, reserved 1083392K
  class space    used 4975K, capacity 5106K, committed 5168K, reserved 1048576K
Event: 48.294 GC heap after
Heap after GC invocations=14 (full 2):
 PSYoungGen      total 668160K, used 8714K [0x00000000d6600000, 0x0000000100000000, 0x0000000100000000)
  eden space 655360K, 0% used [0x00000000d6600000,0x00000000d6600000,0x00000000fe600000)
  from space 12800K, 68% used [0x00000000ff380000,0x00000000ffc028c8,0x0000000100000000)
  to   space 13312K, 0% used [0x00000000fe600000,0x00000000fe600000,0x00000000ff300000)
 ParOldGen       total 87040K, used 36098K [0x0000000083200000, 0x0000000088700000, 0x00000000d6600000)
  object space 87040K, 41% used [0x0000000083200000,0x0000000085540888,0x0000000088700000)
 Metaspace       used 39215K, capacity 39648K, committed 39976K, reserved 1083392K
  class space    used 4975K, capacity 5106K, committed 5168K, reserved 1048576K
}
Event: 53.109 GC heap before
{Heap before GC invocations=15 (full 2):
 PSYoungGen      total 668160K, used 664074K [0x00000000d6600000, 0x0000000100000000, 0x0000000100000000)
  eden space 655360K, 100% used [0x00000000d6600000,0x00000000fe600000,0x00000000fe600000)
  from space 12800K, 68% used [0x00000000ff380000,0x00000000ffc028c8,0x0000000100000000)
  to   space 13312K, 0% used [0x00000000fe600000,0x00000000fe600000,0x00000000ff300000)
 ParOldGen       total 87040K, used 36098K [0x0000000083200000, 0x0000000088700000, 0x00000000d6600000)
  object space 87040K, 41% used [0x0000000083200000,0x0000000085540888,0x0000000088700000)
 Metaspace       used 42797K, capacity 43346K, committed 43688K, reserved 1087488K
  class space    used 5353K, capacity 5493K, committed 5552K, reserved 1048576K
Event: 53.206 GC heap after
Heap after GC invocations=15 (full 2):
 PSYoungGen      total 668672K, used 9414K [0x00000000d6600000, 0x0000000100000000, 0x0000000100000000)
  eden space 655360K, 0% used [0x00000000d6600000,0x00000000d6600000,0x00000000fe600000)
  from space 13312K, 70% used [0x00000000fe600000,0x00000000fef319e8,0x00000000ff300000)
  to   space 13312K, 0% used [0x00000000ff300000,0x00000000ff300000,0x0000000100000000)
 ParOldGen       total 87040K, used 41666K [0x0000000083200000, 0x0000000088700000, 0x00000000d6600000)
  object space 87040K, 47% used [0x0000000083200000,0x0000000085ab08c8,0x0000000088700000)
 Metaspace       used 42797K, capacity 43346K, committed 43688K, reserved 1087488K
  class space    used 5353K, capacity 5493K, committed 5552K, reserved 1048576K
}

